#
# A fatal error has been detected by the Java Runtime Environment:
#
#  SIGBUS (0xa) at pc=0x0000000103d55fd6, pid=30788, tid=4099
#
# JRE version: Java(TM) SE Runtime Environment (8.0_20-b26) (build 1.8.0_20-b26)
# Java VM: Java HotSpot(TM) 64-Bit Server VM (25.20-b23 mixed mode bsd-amd64 compressed oops)
# Problematic frame:
# C  [libzip.dylib+0x2fd6]  newEntry+0x154
#
# Failed to write core dump. Core dumps have been disabled. To enable core dumping, try "ulimit -c unlimited" before starting Java again
#
# If you would like to submit a bug report, please visit:
#   http://bugreport.sun.com/bugreport/crash.jsp
# The crash happened outside the Java Virtual Machine in native code.
# See problematic frame for where to report the bug.
#

---------------  T H R E A D  ---------------

Current thread (0x00007fb9f3800800):  JavaThread "main" [_thread_in_native, id=4099, stack(0x0000700000084000,0x0000700000184000)]

siginfo: si_signo: 10 (SIGBUS), si_code: 2 (BUS_ADRERR), si_addr: 0x00000001205b1f7b

Registers:
RAX=0x00007fb9f2634b00, RBX=0x00000001205b1f6f, RCX=0x0000000000000000, RDX=0x0000000000000000
RSP=0x0000700000182bb0, RBP=0x0000700000182c10, RSI=0x0000000000000048, RDI=0x0000000102b8aa00
R8 =0x0000000000000001, R9 =0x0000000000000c01, R10=0x0000000104822204, R11=0x000000000000043e
R12=0x0000000000000000, R13=0x00000000000000b1, R14=0x00007fb9f2634b00, R15=0x00007fb9f3800800
RIP=0x0000000103d55fd6, EFLAGS=0x0000000000010206, ERR=0x0000000000000004
  TRAPNO=0x000000000000000e

Top of Stack: (sp=0x0000700000182bb0)
0x0000700000182bb0:   0000700000182c00 0000000102b87000
0x0000700000182bc0:   000000000000060d 00007fb900080000
0x0000700000182bd0:   0000700000182bf0 00007fb9f2634b00
0x0000700000182be0:   00007fb9f2760160 000000000000043d
0x0000700000182bf0:   0000000000000000 00000000000000b1
0x0000700000182c00:   00007fb9f2634b00 00007fb9f3800800
0x0000700000182c10:   0000700000182c30 0000000103d5658a
0x0000700000182c20:   0000700000182cd0 0000700000182c80
0x0000700000182c30:   0000700000182c40 0000000103d553a0
0x0000700000182c40:   0000700000182c90 0000000104822276
0x0000700000182c50:   000000076bb31de0 0000004100000041
0x0000700000182c60:   0000000000000001 000000076b6a1a68
0x0000700000182c70:   000000076baa4960 000000076baa4908
0x0000700000182c80:   00000006c00007e0 00000001047761e4
0x0000700000182c90:   0000700000182ea0 0000000104852960
0x0000700000182ca0:   000000076b6a18b8 000000076b6a18b8
0x0000700000182cb0:   000000076baa50b0 000000076bb58c38
0x0000700000182cc0:   00000007ed6d4317 00000001048f91e0
0x0000700000182cd0:   00000060215eee01 0000000000000206
0x0000700000182ce0:   0000700000182ea0 000000010487ec9c
0x0000700000182cf0:   0000000700000000 00000000ffffffff
0x0000700000182d00:   0000700000182da8 00000001047a84c4
0x0000700000182d10:   0000000000000000 0000000000000001
0x0000700000182d20:   000000076baa33c8 0000000300000000
0x0000700000182d30:   0000700000182da8 000000010460798d
0x0000700000182d40:   000000010460798d 0000000000000001
0x0000700000182d50:   000000076baa2de0 000000076baa33c8
0x0000700000182d60:   000000076baa33c8 0000700000182d68
0x0000700000182d70:   000000011d3818b7 0000700000182dd0
0x0000700000182d80:   000000011d38c860 000000011d523628
0x0000700000182d90:   000000011d381938 0000000000000000
0x0000700000182da0:   000000076baa33c8 000000076baa4498 

Instructions: (pc=0x0000000103d55fd6)
0x0000000103d55fb6:   49 8b 7f 38 e8 a5 1a 00 00 4d 89 77 38 49 89 5f
0x0000000103d55fc6:   40 4c 89 f0 48 85 c0 0f 84 16 05 00 00 48 89 c3
0x0000000103d55fd6:   0f b6 43 0c 0f b6 4b 0d 48 c1 e1 08 48 01 c1 0f
0x0000000103d55fe6:   b6 43 0e 0f b6 53 0f 48 c1 e2 08 48 01 c2 48 c1 

Register to memory mapping:

RAX=0x00007fb9f2634b00 is an unknown value
RBX=0x00000001205b1f6f is an unknown value
RCX=0x0000000000000000 is an unknown value
RDX=0x0000000000000000 is an unknown value
RSP=0x0000700000182bb0 is pointing into the stack for thread: 0x00007fb9f3800800
RBP=0x0000700000182c10 is pointing into the stack for thread: 0x00007fb9f3800800
RSI=0x0000000000000048 is an unknown value
RDI=0x0000000102b8aa00 is an unknown value
R8 =0x0000000000000001 is an unknown value
R9 =0x0000000000000c01 is an unknown value
R10=0x0000000104822204 is at entry_point+68 in (nmethod*)0x0000000104822050
R11=0x000000000000043e is an unknown value
R12=0x0000000000000000 is an unknown value
R13=0x00000000000000b1 is an unknown value
R14=0x00007fb9f2634b00 is an unknown value
R15=0x00007fb9f3800800 is a thread


Stack: [0x0000700000084000,0x0000700000184000],  sp=0x0000700000182bb0,  free space=1018k
Native frames: (J=compiled Java code, j=interpreted, Vv=VM code, C=native code)
C  [libzip.dylib+0x2fd6]  newEntry+0x154
C  [libzip.dylib+0x358a]  ZIP_GetNextEntry+0x37
C  [libzip.dylib+0x23a0]  Java_java_util_zip_ZipFile_getNextEntry+0xe
J 470  java.util.zip.ZipFile.getNextEntry(JI)J (0 bytes) @ 0x0000000104822276 [0x00000001048221c0+0xb6]
J 514 C2 java.util.zip.ZipFile$ZipEntryIterator.nextElement()Ljava/lang/Object; (5 bytes) @ 0x0000000104852960 [0x0000000104852880+0xe0]
J 550 C1 org.eclipse.jetty.util.resource.JarFileResource.listEntries()Ljava/util/List; (275 bytes) @ 0x000000010487ec9c [0x000000010487db80+0x111c]
j  org.eclipse.jetty.util.resource.JarFileResource.list()[Ljava/lang/String;+17
j  org.eclipse.jetty.util.resource.Resource.getAllResources()Ljava/util/Collection;+9
j  org.eclipse.jetty.webapp.MetaInfConfiguration.scanForTlds(Lorg/eclipse/jetty/webapp/WebAppContext;Lorg/eclipse/jetty/util/resource/Resource;Ljava/util/concurrent/ConcurrentHashMap;)V+174
j  org.eclipse.jetty.webapp.MetaInfConfiguration.scanJars(Lorg/eclipse/jetty/webapp/WebAppContext;Ljava/util/Collection;Z)V+188
j  org.eclipse.jetty.webapp.MetaInfConfiguration.preConfigure(Lorg/eclipse/jetty/webapp/WebAppContext;)V+84
j  org.eclipse.jetty.webapp.WebAppContext.preConfigure()V+165
j  org.eclipse.jetty.webapp.WebAppContext.doStart()V+12
j  org.eclipse.jetty.util.component.AbstractLifeCycle.start()V+31
j  org.eclipse.jetty.util.component.ContainerLifeCycle.start(Lorg/eclipse/jetty/util/component/LifeCycle;)V+1
j  org.eclipse.jetty.util.component.ContainerLifeCycle.doStart()V+129
j  org.eclipse.jetty.server.handler.AbstractHandler.doStart()V+44
j  org.eclipse.jetty.server.handler.ContextHandlerCollection.doStart()V+5
j  org.eclipse.jetty.util.component.AbstractLifeCycle.start()V+31
j  org.eclipse.jetty.util.component.ContainerLifeCycle.start(Lorg/eclipse/jetty/util/component/LifeCycle;)V+1
j  org.eclipse.jetty.util.component.ContainerLifeCycle.doStart()V+129
j  org.eclipse.jetty.server.handler.AbstractHandler.doStart()V+44
j  org.eclipse.jetty.util.component.AbstractLifeCycle.start()V+31
j  org.eclipse.jetty.util.component.ContainerLifeCycle.start(Lorg/eclipse/jetty/util/component/LifeCycle;)V+1
j  org.eclipse.jetty.server.Server.start(Lorg/eclipse/jetty/util/component/LifeCycle;)V+9
j  org.eclipse.jetty.util.component.ContainerLifeCycle.doStart()V+129
j  org.eclipse.jetty.server.handler.AbstractHandler.doStart()V+44
j  org.eclipse.jetty.server.Server.doStart()V+236
j  org.eclipse.jetty.util.component.AbstractLifeCycle.start()V+31
j  org.eclipse.jetty.runner.Runner.run()V+4
j  org.eclipse.jetty.runner.Runner.main([Ljava/lang/String;)V+61
v  ~StubRoutines::call_stub
V  [libjvm.dylib+0x2d429e]  JavaCalls::call_helper(JavaValue*, methodHandle*, JavaCallArguments*, Thread*)+0x6ae
V  [libjvm.dylib+0x309377]  jni_invoke_static(JNIEnv_*, JavaValue*, _jobject*, JNICallType, _jmethodID*, JNI_ArgumentPusher*, Thread*)+0x1bf
V  [libjvm.dylib+0x302571]  jni_CallStaticVoidMethod+0x15d
C  [java+0x2c82]  JavaMain+0x998
C  [libsystem_pthread.dylib+0x39b1]  _pthread_body+0x83
C  [libsystem_pthread.dylib+0x392e]  _pthread_body+0x0
C  [libsystem_pthread.dylib+0x1385]  thread_start+0xd
C  0x0000000000000000

Java frames: (J=compiled Java code, j=interpreted, Vv=VM code)
J 470  java.util.zip.ZipFile.getNextEntry(JI)J (0 bytes) @ 0x0000000104822204 [0x00000001048221c0+0x44]
J 514 C2 java.util.zip.ZipFile$ZipEntryIterator.nextElement()Ljava/lang/Object; (5 bytes) @ 0x0000000104852960 [0x0000000104852880+0xe0]
J 550 C1 org.eclipse.jetty.util.resource.JarFileResource.listEntries()Ljava/util/List; (275 bytes) @ 0x000000010487ec9c [0x000000010487db80+0x111c]
j  org.eclipse.jetty.util.resource.JarFileResource.list()[Ljava/lang/String;+17
j  org.eclipse.jetty.util.resource.Resource.getAllResources()Ljava/util/Collection;+9
j  org.eclipse.jetty.webapp.MetaInfConfiguration.scanForTlds(Lorg/eclipse/jetty/webapp/WebAppContext;Lorg/eclipse/jetty/util/resource/Resource;Ljava/util/concurrent/ConcurrentHashMap;)V+174
j  org.eclipse.jetty.webapp.MetaInfConfiguration.scanJars(Lorg/eclipse/jetty/webapp/WebAppContext;Ljava/util/Collection;Z)V+188
j  org.eclipse.jetty.webapp.MetaInfConfiguration.preConfigure(Lorg/eclipse/jetty/webapp/WebAppContext;)V+84
j  org.eclipse.jetty.webapp.WebAppContext.preConfigure()V+165
j  org.eclipse.jetty.webapp.WebAppContext.doStart()V+12
j  org.eclipse.jetty.util.component.AbstractLifeCycle.start()V+31
j  org.eclipse.jetty.util.component.ContainerLifeCycle.start(Lorg/eclipse/jetty/util/component/LifeCycle;)V+1
j  org.eclipse.jetty.util.component.ContainerLifeCycle.doStart()V+129
j  org.eclipse.jetty.server.handler.AbstractHandler.doStart()V+44
j  org.eclipse.jetty.server.handler.ContextHandlerCollection.doStart()V+5
j  org.eclipse.jetty.util.component.AbstractLifeCycle.start()V+31
j  org.eclipse.jetty.util.component.ContainerLifeCycle.start(Lorg/eclipse/jetty/util/component/LifeCycle;)V+1
j  org.eclipse.jetty.util.component.ContainerLifeCycle.doStart()V+129
j  org.eclipse.jetty.server.handler.AbstractHandler.doStart()V+44
j  org.eclipse.jetty.util.component.AbstractLifeCycle.start()V+31
j  org.eclipse.jetty.util.component.ContainerLifeCycle.start(Lorg/eclipse/jetty/util/component/LifeCycle;)V+1
j  org.eclipse.jetty.server.Server.start(Lorg/eclipse/jetty/util/component/LifeCycle;)V+9
j  org.eclipse.jetty.util.component.ContainerLifeCycle.doStart()V+129
j  org.eclipse.jetty.server.handler.AbstractHandler.doStart()V+44
j  org.eclipse.jetty.server.Server.doStart()V+236
j  org.eclipse.jetty.util.component.AbstractLifeCycle.start()V+31
j  org.eclipse.jetty.runner.Runner.run()V+4
j  org.eclipse.jetty.runner.Runner.main([Ljava/lang/String;)V+61
v  ~StubRoutines::call_stub

---------------  P R O C E S S  ---------------

Java Threads: ( => current thread )
  0x00007fb9f388f000 JavaThread "qtp2065951873-18" [_thread_blocked, id=23299, stack(0x000070000175f000,0x000070000185f000)]
  0x00007fb9f404d000 JavaThread "qtp2065951873-17" [_thread_blocked, id=22787, stack(0x000070000165c000,0x000070000175c000)]
  0x00007fb9f403c000 JavaThread "qtp2065951873-16" [_thread_blocked, id=22275, stack(0x0000700001559000,0x0000700001659000)]
  0x00007fb9f388e000 JavaThread "qtp2065951873-15" [_thread_blocked, id=21763, stack(0x0000700001456000,0x0000700001556000)]
  0x00007fb9f3159800 JavaThread "qtp2065951873-14" [_thread_blocked, id=21251, stack(0x0000700001353000,0x0000700001453000)]
  0x00007fb9f4038800 JavaThread "qtp2065951873-13" [_thread_blocked, id=20739, stack(0x0000700001250000,0x0000700001350000)]
  0x00007fb9f3887000 JavaThread "qtp2065951873-12" [_thread_blocked, id=20227, stack(0x000070000114d000,0x000070000124d000)]
  0x00007fb9f3886800 JavaThread "qtp2065951873-11" [_thread_blocked, id=19715, stack(0x000070000104a000,0x000070000114a000)]
  0x00007fb9f303c000 JavaThread "Service Thread" daemon [_thread_blocked, id=18691, stack(0x0000700000e44000,0x0000700000f44000)]
  0x00007fb9f3822800 JavaThread "C1 CompilerThread2" daemon [_thread_blocked, id=18179, stack(0x0000700000d41000,0x0000700000e41000)]
  0x00007fb9f281d800 JavaThread "C2 CompilerThread1" daemon [_thread_blocked, id=17667, stack(0x0000700000c3e000,0x0000700000d3e000)]
  0x00007fb9f3038000 JavaThread "C2 CompilerThread0" daemon [_thread_in_native, id=17155, stack(0x0000700000b3b000,0x0000700000c3b000)]
  0x00007fb9f3821800 JavaThread "Signal Dispatcher" daemon [_thread_blocked, id=14863, stack(0x0000700000a38000,0x0000700000b38000)]
  0x00007fb9f282a000 JavaThread "Finalizer" daemon [_thread_blocked, id=11779, stack(0x000070000082f000,0x000070000092f000)]
  0x00007fb9f2829800 JavaThread "Reference Handler" daemon [_thread_blocked, id=11267, stack(0x000070000072c000,0x000070000082c000)]
=>0x00007fb9f3800800 JavaThread "main" [_thread_in_native, id=4099, stack(0x0000700000084000,0x0000700000184000)]

Other Threads:
  0x00007fb9f2827000 VMThread [stack: 0x0000700000629000,0x0000700000729000] [id=10755]
  0x00007fb9f3039000 WatcherThread [stack: 0x0000700000f47000,0x0000700001047000] [id=19203]

VM state:not at safepoint (normal execution)

VM Mutex/Monitor currently owned by a thread: None

Heap:
 PSYoungGen      total 76288K, used 20147K [0x000000076ab00000, 0x0000000774000000, 0x00000007c0000000)
  eden space 65536K, 27% used [0x000000076ab00000,0x000000076bc673e0,0x000000076eb00000)
  from space 10752K, 21% used [0x000000076f580000,0x000000076f7c5b08,0x0000000770000000)
  to   space 10752K, 0% used [0x000000076eb00000,0x000000076eb00000,0x000000076f580000)
 ParOldGen       total 175104K, used 80K [0x00000006c0000000, 0x00000006cab00000, 0x000000076ab00000)
  object space 175104K, 0% used [0x00000006c0000000,0x00000006c0014010,0x00000006cab00000)
 Metaspace       used 7266K, capacity 7364K, committed 7552K, reserved 1056768K
  class space    used 797K, capacity 816K, committed 896K, reserved 1048576K

Card table byte_map: [0x00000001139c0000,0x00000001141c1000] byte_map_base: 0x00000001103c0000

Marking Bits: (ParMarkBitMap*) 0x0000000103684330
 Begin Bits: [0x0000000114717000, 0x0000000118717000)
 End Bits:   [0x0000000118717000, 0x000000011c717000)

Polling page: 0x0000000103d45000

CodeCache: size=245760Kb used=3054Kb max_used=3063Kb free=242705Kb
 bounds [0x0000000104600000, 0x0000000104900000, 0x0000000113600000]
 total_blobs=938 nmethods=647 adapters=206
 compilation: enabled

Compilation events (10 events):
Event: 1.486 Thread 0x00007fb9f281d800  650       4       java.net.URI$Parser::scan (50 bytes)
Event: 1.486 Thread 0x00007fb9f3822800  651       3       sun.net.www.protocol.jar.JarURLConnection::getJarFile (9 bytes)
Event: 1.487 Thread 0x00007fb9f3822800 nmethod 651 0x00000001048f9050 code [0x00000001048f91c0, 0x00000001048f9368]
Event: 1.487 Thread 0x00007fb9f3822800  652   !   3       sun.net.www.protocol.jar.JarFileFactory::get (139 bytes)
Event: 1.489 Thread 0x00007fb9f3822800 nmethod 652 0x00000001048f9410 code [0x00000001048f9780, 0x00000001048fb278]
Event: 1.496 Thread 0x00007fb9f281d800 nmethod 650 0x00000001048ff250 code [0x00000001048ff3a0, 0x00000001048ff6d8]
Event: 1.503 Thread 0x00007fb9f3822800  654       3       java.lang.String::valueOf (14 bytes)
Event: 1.503 Thread 0x00007fb9f3822800 nmethod 654 0x00000001048fedd0 code [0x00000001048fef40, 0x00000001048ff188]
Event: 1.503 Thread 0x00007fb9f3822800  653       3       java.lang.StringBuilder::append (9 bytes)
Event: 1.503 Thread 0x00007fb9f3822800 nmethod 653 0x00000001048fe6d0 code [0x00000001048fe860, 0x00000001048fec58]

GC Heap History (4 events):
Event: 0.839 GC heap before
{Heap before GC invocations=1 (full 0):
 PSYoungGen      total 76288K, used 65536K [0x000000076ab00000, 0x0000000770000000, 0x00000007c0000000)
  eden space 65536K, 100% used [0x000000076ab00000,0x000000076eb00000,0x000000076eb00000)
  from space 10752K, 0% used [0x000000076f580000,0x000000076f580000,0x0000000770000000)
  to   space 10752K, 0% used [0x000000076eb00000,0x000000076eb00000,0x000000076f580000)
 ParOldGen       total 175104K, used 0K [0x00000006c0000000, 0x00000006cab00000, 0x000000076ab00000)
  object space 175104K, 0% used [0x00000006c0000000,0x00000006c0000000,0x00000006cab00000)
 Metaspace       used 7160K, capacity 7236K, committed 7552K, reserved 1056768K
  class space    used 797K, capacity 816K, committed 896K, reserved 1048576K
Event: 0.843 GC heap after
Heap after GC invocations=1 (full 0):
 PSYoungGen      total 76288K, used 2960K [0x000000076ab00000, 0x0000000770000000, 0x00000007c0000000)
  eden space 65536K, 0% used [0x000000076ab00000,0x000000076ab00000,0x000000076eb00000)
  from space 10752K, 27% used [0x000000076eb00000,0x000000076ede4078,0x000000076f580000)
  to   space 10752K, 0% used [0x000000076f580000,0x000000076f580000,0x0000000770000000)
 ParOldGen       total 175104K, used 72K [0x00000006c0000000, 0x00000006cab00000, 0x000000076ab00000)
  object space 175104K, 0% used [0x00000006c0000000,0x00000006c0012010,0x00000006cab00000)
 Metaspace       used 7160K, capacity 7236K, committed 7552K, reserved 1056768K
  class space    used 797K, capacity 816K, committed 896K, reserved 1048576K
}
Event: 1.322 GC heap before
{Heap before GC invocations=2 (full 0):
 PSYoungGen      total 76288K, used 68496K [0x000000076ab00000, 0x0000000770000000, 0x00000007c0000000)
  eden space 65536K, 100% used [0x000000076ab00000,0x000000076eb00000,0x000000076eb00000)
  from space 10752K, 27% used [0x000000076eb00000,0x000000076ede4078,0x000000076f580000)
  to   space 10752K, 0% used [0x000000076f580000,0x000000076f580000,0x0000000770000000)
 ParOldGen       total 175104K, used 72K [0x00000006c0000000, 0x00000006cab00000, 0x000000076ab00000)
  object space 175104K, 0% used [0x00000006c0000000,0x00000006c0012010,0x00000006cab00000)
 Metaspace       used 7253K, capacity 7364K, committed 7552K, reserved 1056768K
  class space    used 797K, capacity 816K, committed 896K, reserved 1048576K
Event: 1.330 GC heap after
Heap after GC invocations=2 (full 0):
 PSYoungGen      total 76288K, used 2326K [0x000000076ab00000, 0x0000000774000000, 0x00000007c0000000)
  eden space 65536K, 0% used [0x000000076ab00000,0x000000076ab00000,0x000000076eb00000)
  from space 10752K, 21% used [0x000000076f580000,0x000000076f7c5b08,0x0000000770000000)
  to   space 10752K, 0% used [0x000000076eb00000,0x000000076eb00000,0x000000076f580000)
 ParOldGen       total 175104K, used 80K [0x00000006c0000000, 0x00000006cab00000, 0x000000076ab00000)
  object space 175104K, 0% used [0x00000006c0000000,0x00000006c0014010,0x00000006cab00000)
 Metaspace       used 7253K, capacity 7364K, committed 7552K, reserved 1056768K
  class space    used 797K, capacity 816K, committed 896K, reserved 1048576K
}

Deoptimization events (2 events):
Event: 1.087 Thread 0x00007fb9f3800800 Uncommon trap: reason=unreached action=reinterpret pc=0x00000001048554c0 method=java.util.zip.ZipCoder.decoder()Ljava/nio/charset/CharsetDecoder; @ 4
Event: 1.087 Thread 0x00007fb9f3800800 Uncommon trap: reason=unreached action=reinterpret pc=0x00000001048481b8 method=java.util.zip.ZipEntry.setExtra0([BZ)V @ 1

Internal exceptions (10 events):
Event: 0.360 Thread 0x00007fb9f3800800 Exception <a 'java/security/PrivilegedActionException'> (0x000000076bbc9688) thrown at [/HUDSON3/workspace/8-2-build-macosx-x86_64/jdk8u20/1074/hotspot/src/share/vm/prims/jvm.cpp, line 1275]
Event: 0.361 Thread 0x00007fb9f3800800 Exception <a 'java/security/PrivilegedActionException'> (0x000000076bbd0088) thrown at [/HUDSON3/workspace/8-2-build-macosx-x86_64/jdk8u20/1074/hotspot/src/share/vm/prims/jvm.cpp, line 1275]
Event: 0.365 Thread 0x00007fb9f3800800 Exception <a 'java/security/PrivilegedActionException'> (0x000000076bbd7ab8) thrown at [/HUDSON3/workspace/8-2-build-macosx-x86_64/jdk8u20/1074/hotspot/src/share/vm/prims/jvm.cpp, line 1275]
Event: 0.397 Thread 0x00007fb9f3800800 Exception <a 'java/security/PrivilegedActionException'> (0x000000076bcbe3c0) thrown at [/HUDSON3/workspace/8-2-build-macosx-x86_64/jdk8u20/1074/hotspot/src/share/vm/prims/jvm.cpp, line 1275]
Event: 0.397 Thread 0x00007fb9f3800800 Exception <a 'java/security/PrivilegedActionException'> (0x000000076bcc87a0) thrown at [/HUDSON3/workspace/8-2-build-macosx-x86_64/jdk8u20/1074/hotspot/src/share/vm/prims/jvm.cpp, line 1275]
Event: 0.398 Thread 0x00007fb9f3800800 Exception <a 'java/security/PrivilegedActionException'> (0x000000076bcd2728) thrown at [/HUDSON3/workspace/8-2-build-macosx-x86_64/jdk8u20/1074/hotspot/src/share/vm/prims/jvm.cpp, line 1275]
Event: 0.413 Thread 0x00007fb9f3800800 Exception <a 'java/security/PrivilegedActionException'> (0x000000076bcf88c8) thrown at [/HUDSON3/workspace/8-2-build-macosx-x86_64/jdk8u20/1074/hotspot/src/share/vm/prims/jvm.cpp, line 1275]
Event: 0.414 Thread 0x00007fb9f3800800 Exception <a 'java/security/PrivilegedActionException'> (0x000000076bcffa80) thrown at [/HUDSON3/workspace/8-2-build-macosx-x86_64/jdk8u20/1074/hotspot/src/share/vm/prims/jvm.cpp, line 1275]
Event: 0.423 Thread 0x00007fb9f3800800 Exception <a 'java/security/PrivilegedActionException'> (0x000000076bd232b8) thrown at [/HUDSON3/workspace/8-2-build-macosx-x86_64/jdk8u20/1074/hotspot/src/share/vm/prims/jvm.cpp, line 1275]
Event: 0.438 Thread 0x00007fb9f3800800 Exception <a 'java/security/PrivilegedActionException'> (0x000000076bd588b0) thrown at [/HUDSON3/workspace/8-2-build-macosx-x86_64/jdk8u20/1074/hotspot/src/share/vm/prims/jvm.cpp, line 1275]

Events (10 events):
Event: 1.087 Thread 0x00007fb9f3800800 Uncommon trap: trap_request=0xffffffad fr.pc=0x00000001048554c0
Event: 1.087 Thread 0x00007fb9f3800800 DEOPT PACKING pc=0x00000001048554c0 sp=0x0000700000182de0
Event: 1.087 Thread 0x00007fb9f3800800 DEOPT UNPACKING pc=0x0000000104604f69 sp=0x0000700000182d00 mode 2
Event: 1.087 Thread 0x00007fb9f3800800 Uncommon trap: trap_request=0xffffffad fr.pc=0x00000001048481b8
Event: 1.087 Thread 0x00007fb9f3800800 DEOPT PACKING pc=0x00000001048481b8 sp=0x0000700000182db0
Event: 1.087 Thread 0x00007fb9f3800800 DEOPT UNPACKING pc=0x0000000104604f69 sp=0x0000700000182d50 mode 2
Event: 1.322 Executing VM operation: ParallelGCFailedAllocation
Event: 1.330 Executing VM operation: ParallelGCFailedAllocation done
Event: 1.400 Thread 0x00007fb9f3800800 DEOPT PACKING pc=0x0000000104880389 sp=0x0000700000182cf0
Event: 1.400 Thread 0x00007fb9f3800800 DEOPT UNPACKING pc=0x0000000104647373 sp=0x0000700000182b08 mode 0


Dynamic libraries:
0x0000000003990000 	/System/Library/Frameworks/Cocoa.framework/Versions/A/Cocoa
0x0000000003990000 	/System/Library/Frameworks/Security.framework/Versions/A/Security
0x0000000003990000 	/System/Library/Frameworks/ApplicationServices.framework/Versions/A/ApplicationServices
0x0000000003990000 	/usr/lib/libz.1.dylib
0x0000000003990000 	/usr/lib/libSystem.B.dylib
0x0000000003990000 	/usr/lib/libobjc.A.dylib
0x0000000003990000 	/System/Library/Frameworks/CoreFoundation.framework/Versions/A/CoreFoundation
0x0000000003990000 	/System/Library/Frameworks/Foundation.framework/Versions/C/Foundation
0x0000000003990000 	/System/Library/Frameworks/AppKit.framework/Versions/C/AppKit
0x0000000003990000 	/System/Library/Frameworks/CoreData.framework/Versions/A/CoreData
0x0000000003990000 	/System/Library/PrivateFrameworks/RemoteViewServices.framework/Versions/A/RemoteViewServices
0x0000000003990000 	/System/Library/PrivateFrameworks/UIFoundation.framework/Versions/A/UIFoundation
0x0000000003990000 	/usr/lib/libScreenReader.dylib
0x0000000003990000 	/System/Library/Frameworks/Accelerate.framework/Versions/A/Accelerate
0x0000000003990000 	/System/Library/Frameworks/IOSurface.framework/Versions/A/IOSurface
0x0000000003990000 	/System/Library/Frameworks/AudioToolbox.framework/Versions/A/AudioToolbox
0x0000000003990000 	/System/Library/Frameworks/AudioUnit.framework/Versions/A/AudioUnit
0x0000000003990000 	/System/Library/PrivateFrameworks/DataDetectorsCore.framework/Versions/A/DataDetectorsCore
0x0000000003990000 	/System/Library/PrivateFrameworks/DesktopServicesPriv.framework/Versions/A/DesktopServicesPriv
0x0000000003990000 	/System/Library/Frameworks/Carbon.framework/Versions/A/Frameworks/HIToolbox.framework/Versions/A/HIToolbox
0x0000000003990000 	/System/Library/Frameworks/QuartzCore.framework/Versions/A/QuartzCore
0x0000000003990000 	/System/Library/Frameworks/Carbon.framework/Versions/A/Frameworks/SpeechRecognition.framework/Versions/A/SpeechRecognition
0x0000000003990000 	/usr/lib/libauto.dylib
0x0000000003990000 	/usr/lib/libicucore.A.dylib
0x0000000003990000 	/usr/lib/libxml2.2.dylib
0x0000000003990000 	/System/Library/PrivateFrameworks/CoreUI.framework/Versions/A/CoreUI
0x0000000003990000 	/System/Library/Frameworks/CoreAudio.framework/Versions/A/CoreAudio
0x0000000003990000 	/System/Library/Frameworks/DiskArbitration.framework/Versions/A/DiskArbitration
0x0000000003990000 	/usr/lib/liblangid.dylib
0x0000000003990000 	/System/Library/PrivateFrameworks/MultitouchSupport.framework/Versions/A/MultitouchSupport
0x0000000003990000 	/System/Library/Frameworks/IOKit.framework/Versions/A/IOKit
0x0000000003990000 	/usr/lib/libDiagnosticMessagesClient.dylib
0x0000000003990000 	/System/Library/Frameworks/CoreServices.framework/Versions/A/CoreServices
0x0000000003990000 	/System/Library/PrivateFrameworks/PerformanceAnalysis.framework/Versions/A/PerformanceAnalysis
0x0000000003990000 	/System/Library/PrivateFrameworks/GenerationalStorage.framework/Versions/A/GenerationalStorage
0x0000000003990000 	/System/Library/Frameworks/OpenGL.framework/Versions/A/OpenGL
0x0000000003990000 	/System/Library/PrivateFrameworks/Sharing.framework/Versions/A/Sharing
0x0000000003990000 	/System/Library/Frameworks/CoreGraphics.framework/Versions/A/CoreGraphics
0x0000000003990000 	/System/Library/Frameworks/CoreImage.framework/Versions/A/CoreImage
0x0000000003990000 	/System/Library/Frameworks/CoreText.framework/Versions/A/CoreText
0x0000000003990000 	/System/Library/Frameworks/ImageIO.framework/Versions/A/ImageIO
0x0000000003990000 	/System/Library/PrivateFrameworks/Backup.framework/Versions/A/Backup
0x0000000003990000 	/usr/lib/libextension.dylib
0x0000000003990000 	/usr/lib/libarchive.2.dylib
0x0000000003990000 	/System/Library/Frameworks/CFNetwork.framework/Versions/A/CFNetwork
0x0000000003990000 	/System/Library/Frameworks/SystemConfiguration.framework/Versions/A/SystemConfiguration
0x0000000003990000 	/usr/lib/libCRFSuite.dylib
0x0000000003990000 	/usr/lib/libc++.1.dylib
0x0000000003990000 	/usr/lib/libc++abi.dylib
0x0000000003990000 	/usr/lib/system/libcache.dylib
0x0000000003990000 	/usr/lib/system/libcommonCrypto.dylib
0x0000000003990000 	/usr/lib/system/libcompiler_rt.dylib
0x0000000003990000 	/usr/lib/system/libcopyfile.dylib
0x0000000003990000 	/usr/lib/system/libcorecrypto.dylib
0x0000000003990000 	/usr/lib/system/libdispatch.dylib
0x0000000003990000 	/usr/lib/system/libdyld.dylib
0x0000000003990000 	/usr/lib/system/libkeymgr.dylib
0x0000000003990000 	/usr/lib/system/liblaunch.dylib
0x0000000003990000 	/usr/lib/system/libmacho.dylib
0x0000000003990000 	/usr/lib/system/libquarantine.dylib
0x0000000003990000 	/usr/lib/system/libremovefile.dylib
0x0000000003990000 	/usr/lib/system/libsystem_asl.dylib
0x0000000003990000 	/usr/lib/system/libsystem_blocks.dylib
0x0000000003990000 	/usr/lib/system/libsystem_c.dylib
0x0000000003990000 	/usr/lib/system/libsystem_configuration.dylib
0x0000000003990000 	/usr/lib/system/libsystem_coreservices.dylib
0x0000000003990000 	/usr/lib/system/libsystem_coretls.dylib
0x0000000003990000 	/usr/lib/system/libsystem_dnssd.dylib
0x0000000003990000 	/usr/lib/system/libsystem_info.dylib
0x0000000003990000 	/usr/lib/system/libsystem_kernel.dylib
0x0000000003990000 	/usr/lib/system/libsystem_m.dylib
0x0000000003990000 	/usr/lib/system/libsystem_malloc.dylib
0x0000000003990000 	/usr/lib/system/libsystem_network.dylib
0x0000000003990000 	/usr/lib/system/libsystem_networkextension.dylib
0x0000000003990000 	/usr/lib/system/libsystem_notify.dylib
0x0000000003990000 	/usr/lib/system/libsystem_platform.dylib
0x0000000003990000 	/usr/lib/system/libsystem_pthread.dylib
0x0000000003990000 	/usr/lib/system/libsystem_sandbox.dylib
0x0000000003990000 	/usr/lib/system/libsystem_secinit.dylib
0x0000000003990000 	/usr/lib/system/libsystem_trace.dylib
0x0000000003990000 	/usr/lib/system/libunc.dylib
0x0000000003990000 	/usr/lib/system/libunwind.dylib
0x0000000003990000 	/usr/lib/system/libxpc.dylib
0x0000000003990000 	/usr/lib/libenergytrace.dylib
0x0000000003990000 	/usr/lib/libbsm.0.dylib
0x0000000003990000 	/usr/lib/system/libkxld.dylib
0x0000000003990000 	/usr/lib/libxar.1.dylib
0x0000000003990000 	/usr/lib/libsqlite3.dylib
0x0000000003990000 	/usr/lib/libpam.2.dylib
0x0000000003990000 	/usr/lib/libOpenScriptingUtil.dylib
0x0000000003990000 	/usr/lib/libbz2.1.0.dylib
0x0000000003990000 	/usr/lib/liblzma.5.dylib
0x0000000003990000 	/System/Library/Frameworks/CoreServices.framework/Versions/A/Frameworks/FSEvents.framework/Versions/A/FSEvents
0x0000000003990000 	/System/Library/Frameworks/CoreServices.framework/Versions/A/Frameworks/CarbonCore.framework/Versions/A/CarbonCore
0x0000000003990000 	/System/Library/Frameworks/CoreServices.framework/Versions/A/Frameworks/Metadata.framework/Versions/A/Metadata
0x0000000003990000 	/System/Library/Frameworks/CoreServices.framework/Versions/A/Frameworks/OSServices.framework/Versions/A/OSServices
0x0000000003990000 	/System/Library/Frameworks/CoreServices.framework/Versions/A/Frameworks/SearchKit.framework/Versions/A/SearchKit
0x0000000003990000 	/System/Library/Frameworks/CoreServices.framework/Versions/A/Frameworks/AE.framework/Versions/A/AE
0x0000000003990000 	/System/Library/Frameworks/CoreServices.framework/Versions/A/Frameworks/LaunchServices.framework/Versions/A/LaunchServices
0x0000000003990000 	/System/Library/Frameworks/CoreServices.framework/Versions/A/Frameworks/DictionaryServices.framework/Versions/A/DictionaryServices
0x0000000003990000 	/System/Library/Frameworks/CoreServices.framework/Versions/A/Frameworks/SharedFileList.framework/Versions/A/SharedFileList
0x0000000003990000 	/System/Library/Frameworks/NetFS.framework/Versions/A/NetFS
0x0000000003990000 	/System/Library/PrivateFrameworks/NetAuth.framework/Versions/A/NetAuth
0x0000000003990000 	/System/Library/PrivateFrameworks/login.framework/Versions/A/Frameworks/loginsupport.framework/Versions/A/loginsupport
0x0000000003990000 	/System/Library/PrivateFrameworks/TCC.framework/Versions/A/TCC
0x0000000003990000 	/usr/lib/libmecabra.dylib
0x0000000003990000 	/System/Library/Frameworks/ApplicationServices.framework/Versions/A/Frameworks/ATS.framework/Versions/A/ATS
0x0000000003990000 	/System/Library/Frameworks/ApplicationServices.framework/Versions/A/Frameworks/ColorSync.framework/Versions/A/ColorSync
0x0000000003990000 	/System/Library/Frameworks/ApplicationServices.framework/Versions/A/Frameworks/HIServices.framework/Versions/A/HIServices
0x0000000003990000 	/System/Library/Frameworks/ApplicationServices.framework/Versions/A/Frameworks/LangAnalysis.framework/Versions/A/LangAnalysis
0x0000000003990000 	/System/Library/Frameworks/ApplicationServices.framework/Versions/A/Frameworks/PrintCore.framework/Versions/A/PrintCore
0x0000000003990000 	/System/Library/Frameworks/ApplicationServices.framework/Versions/A/Frameworks/QD.framework/Versions/A/QD
0x0000000003990000 	/System/Library/Frameworks/ApplicationServices.framework/Versions/A/Frameworks/SpeechSynthesis.framework/Versions/A/SpeechSynthesis
0x0000000003990000 	/System/Library/Frameworks/Metal.framework/Versions/A/Metal
0x0000000003990000 	/System/Library/Frameworks/Accelerate.framework/Versions/A/Frameworks/vImage.framework/Versions/A/vImage
0x0000000003990000 	/System/Library/Frameworks/Accelerate.framework/Versions/A/Frameworks/vecLib.framework/Versions/A/vecLib
0x0000000003990000 	/System/Library/Frameworks/Accelerate.framework/Versions/A/Frameworks/vecLib.framework/Versions/A/libvDSP.dylib
0x0000000003990000 	/System/Library/Frameworks/Accelerate.framework/Versions/A/Frameworks/vecLib.framework/Versions/A/libvMisc.dylib
0x0000000003990000 	/System/Library/Frameworks/Accelerate.framework/Versions/A/Frameworks/vecLib.framework/Versions/A/libLAPACK.dylib
0x0000000003990000 	/System/Library/Frameworks/Accelerate.framework/Versions/A/Frameworks/vecLib.framework/Versions/A/libBLAS.dylib
0x0000000003990000 	/System/Library/Frameworks/Accelerate.framework/Versions/A/Frameworks/vecLib.framework/Versions/A/libLinearAlgebra.dylib
0x0000000003990000 	/System/Library/Frameworks/Accelerate.framework/Versions/A/Frameworks/vecLib.framework/Versions/A/libSparseBLAS.dylib
0x0000000003990000 	/System/Library/PrivateFrameworks/GPUCompiler.framework/libmetal_timestamp.dylib
0x0000000003990000 	/System/Library/Frameworks/OpenGL.framework/Versions/A/Libraries/libCoreFSCache.dylib
0x0000000003990000 	/System/Library/PrivateFrameworks/IOAccelerator.framework/Versions/A/IOAccelerator
0x0000000003990000 	/System/Library/Frameworks/ApplicationServices.framework/Versions/A/Frameworks/ATS.framework/Versions/A/Resources/libFontParser.dylib
0x0000000003990000 	/System/Library/Frameworks/ApplicationServices.framework/Versions/A/Frameworks/ATS.framework/Versions/A/Resources/libFontRegistry.dylib
0x0000000003990000 	/System/Library/PrivateFrameworks/AppleVPA.framework/Versions/A/AppleVPA
0x0000000003990000 	/System/Library/PrivateFrameworks/AppleJPEG.framework/Versions/A/AppleJPEG
0x0000000003990000 	/System/Library/Frameworks/ImageIO.framework/Versions/A/Resources/libJPEG.dylib
0x0000000003990000 	/System/Library/Frameworks/ImageIO.framework/Versions/A/Resources/libTIFF.dylib
0x0000000003990000 	/System/Library/Frameworks/ImageIO.framework/Versions/A/Resources/libPng.dylib
0x0000000003990000 	/System/Library/Frameworks/ImageIO.framework/Versions/A/Resources/libGIF.dylib
0x0000000003990000 	/System/Library/Frameworks/ImageIO.framework/Versions/A/Resources/libJP2.dylib
0x0000000003990000 	/System/Library/Frameworks/ImageIO.framework/Versions/A/Resources/libRadiance.dylib
0x0000000003990000 	/System/Library/Frameworks/CoreVideo.framework/Versions/A/CoreVideo
0x0000000003990000 	/System/Library/Frameworks/OpenGL.framework/Versions/A/Libraries/libGLU.dylib
0x0000000003990000 	/System/Library/Frameworks/OpenGL.framework/Versions/A/Libraries/libGFXShared.dylib
0x0000000003990000 	/System/Library/Frameworks/OpenGL.framework/Versions/A/Libraries/libGL.dylib
0x0000000003990000 	/System/Library/Frameworks/OpenGL.framework/Versions/A/Libraries/libGLImage.dylib
0x0000000003990000 	/System/Library/Frameworks/OpenGL.framework/Versions/A/Libraries/libCVMSPluginSupport.dylib
0x0000000003990000 	/System/Library/Frameworks/OpenGL.framework/Versions/A/Libraries/libCoreVMClient.dylib
0x0000000003990000 	/usr/lib/libcups.2.dylib
0x0000000003990000 	/System/Library/Frameworks/Kerberos.framework/Versions/A/Kerberos
0x0000000003990000 	/System/Library/Frameworks/GSS.framework/Versions/A/GSS
0x0000000003990000 	/usr/lib/libresolv.9.dylib
0x0000000003990000 	/usr/lib/libiconv.2.dylib
0x0000000003990000 	/System/Library/PrivateFrameworks/Heimdal.framework/Versions/A/Heimdal
0x0000000003990000 	/usr/lib/libheimdal-asn1.dylib
0x0000000003990000 	/System/Library/Frameworks/OpenDirectory.framework/Versions/A/OpenDirectory
0x0000000003990000 	/System/Library/PrivateFrameworks/CommonAuth.framework/Versions/A/CommonAuth
0x0000000003990000 	/System/Library/Frameworks/OpenDirectory.framework/Versions/A/Frameworks/CFOpenDirectory.framework/Versions/A/CFOpenDirectory
0x0000000003990000 	/System/Library/Frameworks/SecurityFoundation.framework/Versions/A/SecurityFoundation
0x0000000003990000 	/System/Library/PrivateFrameworks/LanguageModeling.framework/Versions/A/LanguageModeling
0x0000000003990000 	/usr/lib/libmarisa.dylib
0x0000000003990000 	/usr/lib/libChineseTokenizer.dylib
0x0000000003990000 	/usr/lib/libcmph.dylib
0x0000000003990000 	/usr/lib/libcompression.dylib
0x0000000003990000 	/System/Library/Frameworks/ServiceManagement.framework/Versions/A/ServiceManagement
0x0000000003990000 	/usr/lib/libxslt.1.dylib
0x0000000003990000 	/System/Library/Frameworks/Carbon.framework/Versions/A/Frameworks/Ink.framework/Versions/A/Ink
0x0000000003990000 	/usr/lib/libFosl_dynamic.dylib
0x0000000003990000 	/System/Library/PrivateFrameworks/FaceCore.framework/Versions/A/FaceCore
0x0000000003990000 	/System/Library/Frameworks/OpenCL.framework/Versions/A/OpenCL
0x0000000003990000 	/System/Library/PrivateFrameworks/CrashReporterSupport.framework/Versions/A/CrashReporterSupport
0x0000000003990000 	/System/Library/PrivateFrameworks/IconServices.framework/Versions/A/IconServices
0x0000000003990000 	/System/Library/PrivateFrameworks/Apple80211.framework/Versions/A/Apple80211
0x0000000003990000 	/System/Library/Frameworks/CoreWLAN.framework/Versions/A/CoreWLAN
0x0000000003990000 	/System/Library/Frameworks/IOBluetooth.framework/Versions/A/IOBluetooth
0x0000000003990000 	/System/Library/PrivateFrameworks/CoreWiFi.framework/Versions/A/CoreWiFi
0x0000000003990000 	/System/Library/Frameworks/CoreBluetooth.framework/Versions/A/CoreBluetooth
0x0000000003990000 	/System/Library/PrivateFrameworks/ChunkingLibrary.framework/Versions/A/ChunkingLibrary
0x0000000003990000 	/System/Library/PrivateFrameworks/DebugSymbols.framework/Versions/A/DebugSymbols
0x0000000003990000 	/System/Library/PrivateFrameworks/CoreSymbolication.framework/Versions/A/CoreSymbolication
0x0000000003990000 	/System/Library/PrivateFrameworks/Symbolication.framework/Versions/A/Symbolication
0x0000000003990000 	/System/Library/PrivateFrameworks/SpeechRecognitionCore.framework/Versions/A/SpeechRecognitionCore
0x0000000102de8000 	/Library/Java/JavaVirtualMachines/jdk1.8.0_20.jdk/Contents/Home/jre/lib/server/libjvm.dylib
0x0000000003990000 	/usr/lib/libstdc++.6.dylib
0x0000000103d03000 	/Library/Java/JavaVirtualMachines/jdk1.8.0_20.jdk/Contents/Home/jre/lib/libverify.dylib
0x0000000103d11000 	/Library/Java/JavaVirtualMachines/jdk1.8.0_20.jdk/Contents/Home/jre/lib/libjava.dylib
0x0000000103d53000 	/Library/Java/JavaVirtualMachines/jdk1.8.0_20.jdk/Contents/Home/jre/lib/libzip.dylib
0x000000011e99a000 	/System/Library/Frameworks/JavaVM.framework/Frameworks/JavaRuntimeSupport.framework/JavaRuntimeSupport
0x000000011e9b5000 	/System/Library/Frameworks/JavaVM.framework/Versions/A/Frameworks/JavaNativeFoundation.framework/Versions/A/JavaNativeFoundation
0x000000011e9ca000 	/System/Library/Frameworks/JavaVM.framework/Versions/A/JavaVM
0x0000000003990000 	/System/Library/Frameworks/Carbon.framework/Versions/A/Carbon
0x000000011e9d7000 	/System/Library/PrivateFrameworks/JavaLaunching.framework/Versions/A/JavaLaunching
0x0000000003990000 	/System/Library/Frameworks/Carbon.framework/Versions/A/Frameworks/CommonPanels.framework/Versions/A/CommonPanels
0x0000000003990000 	/System/Library/Frameworks/Carbon.framework/Versions/A/Frameworks/Help.framework/Versions/A/Help
0x0000000003990000 	/System/Library/Frameworks/Carbon.framework/Versions/A/Frameworks/ImageCapture.framework/Versions/A/ImageCapture
0x0000000003990000 	/System/Library/Frameworks/Carbon.framework/Versions/A/Frameworks/OpenScripting.framework/Versions/A/OpenScripting
0x0000000003990000 	/System/Library/Frameworks/Carbon.framework/Versions/A/Frameworks/Print.framework/Versions/A/Print
0x0000000003990000 	/System/Library/Frameworks/Carbon.framework/Versions/A/Frameworks/SecurityHI.framework/Versions/A/SecurityHI
0x000000012036a000 	/Library/Java/JavaVirtualMachines/jdk1.8.0_20.jdk/Contents/Home/jre/lib/libmanagement.dylib

VM Arguments:
java_command: org.eclipse.jetty.runner.Runner /Users/rb/Documents/Code/uni/crisisResponse/target/webapp
java_class_path (initial): /Users/rb/.ivy2/cache/org.eclipse.jetty/jetty-runner/jars/jetty-runner-9.2.1.v20140609.jar
Launcher Type: SUN_STANDARD

Environment Variables:
CLASSPATH=.::/Library/Jars/scalatest_2.11-2.2.4.jar:/Library/Jars/hamcrest-core-1.3.jar:/Library/Jars/junit-4.12.jar
PATH=.:/Users/rb/bin:/usr/local/bin:/usr/bin:/bin:/usr/sbin:/sbin:/opt/X11/bin:/usr/local/MacGPG2/bin:/Library/TeX/texbin
SHELL=/bin/bash
DISPLAY=/private/tmp/com.apple.launchd.wZtTi0x9nQ/org.macosforge.xquartz:0

Signal Handlers:
SIGSEGV: [libjvm.dylib+0x578fd7], sa_mask[0]=11111111011111110111111111111111, sa_flags=SA_ONSTACK|SA_RESTART|SA_SIGINFO
SIGBUS: [libjvm.dylib+0x578fd7], sa_mask[0]=11111111011111110111111111111111, sa_flags=SA_RESTART|SA_SIGINFO
SIGFPE: [libjvm.dylib+0x45ab0c], sa_mask[0]=11111111011111110111111111111111, sa_flags=SA_RESTART|SA_SIGINFO
SIGPIPE: [libjvm.dylib+0x45ab0c], sa_mask[0]=11111111011111110111111111111111, sa_flags=SA_RESTART|SA_SIGINFO
SIGXFSZ: [libjvm.dylib+0x45ab0c], sa_mask[0]=11111111011111110111111111111111, sa_flags=SA_RESTART|SA_SIGINFO
SIGILL: [libjvm.dylib+0x45ab0c], sa_mask[0]=11111111011111110111111111111111, sa_flags=SA_RESTART|SA_SIGINFO
SIGUSR1: SIG_DFL, sa_mask[0]=00000000000000000000000000000000, sa_flags=none
SIGUSR2: [libjvm.dylib+0x45a62a], sa_mask[0]=00100000000000000000000000000000, sa_flags=SA_RESTART|SA_SIGINFO
SIGHUP: [libjvm.dylib+0x458bfd], sa_mask[0]=11111111011111110111111111111111, sa_flags=SA_RESTART|SA_SIGINFO
SIGINT: [libjvm.dylib+0x458bfd], sa_mask[0]=11111111011111110111111111111111, sa_flags=SA_RESTART|SA_SIGINFO
SIGTERM: [libjvm.dylib+0x458bfd], sa_mask[0]=11111111011111110111111111111111, sa_flags=SA_RESTART|SA_SIGINFO
SIGQUIT: [libjvm.dylib+0x458bfd], sa_mask[0]=11111111011111110111111111111111, sa_flags=SA_RESTART|SA_SIGINFO


---------------  S Y S T E M  ---------------

OS:Bsduname:Darwin 15.0.0 Darwin Kernel Version 15.0.0: Wed Aug 26 19:41:34 PDT 2015; root:xnu-3247.1.106~5/RELEASE_X86_64 x86_64
rlimit: STACK 8192k, CORE 0k, NPROC 709, NOFILE 10240, AS infinity
load average:4.09 3.69 3.25

CPU:total 4 (2 cores per cpu, 2 threads per core) family 6 model 69 stepping 1, cmov, cx8, fxsr, mmx, sse, sse2, sse3, ssse3, sse4.1, sse4.2, popcnt, avx, avx2, aes, clmul, erms, lzcnt, ht, tsc, tscinvbit, bmi1, bmi2

Memory: 4k page, physical 16777216k(1089032k free)

/proc/meminfo:


vm_info: Java HotSpot(TM) 64-Bit Server VM (25.20-b23) for bsd-amd64 JRE (1.8.0_20-b26), built on Jul 30 2014 13:37:47 by "java_re" with gcc 4.2.1 (Based on Apple Inc. build 5658) (LLVM build 2336.9.00)

time: Mon Feb  1 10:25:25 2016
elapsed time: 1 seconds (0d 0h 0m 1s)

