#
# A fatal error has been detected by the Java Runtime Environment:
#
#  SIGBUS (0xa) at pc=0x00007fff95568f49, pid=21303, tid=24579
#
# JRE version: Java(TM) SE Runtime Environment (8.0_20-b26) (build 1.8.0_20-b26)
# Java VM: Java HotSpot(TM) 64-Bit Server VM (25.20-b23 mixed mode bsd-amd64 compressed oops)
# Problematic frame:
# C  [libsystem_platform.dylib+0x4f49]  _platform_memmove$VARIANT$Haswell+0x29
#
# Failed to write core dump. Core dumps have been disabled. To enable core dumping, try "ulimit -c unlimited" before starting Java again
#
# If you would like to submit a bug report, please visit:
#   http://bugreport.sun.com/bugreport/crash.jsp
# The crash happened outside the Java Virtual Machine in native code.
# See problematic frame for where to report the bug.
#

---------------  T H R E A D  ---------------

Current thread (0x00007fc61a6d7800):  JavaThread "Thread-0" [_thread_in_native, id=24579, stack(0x0000700001b6b000,0x0000700001c6b000)]

siginfo: si_signo: 10 (SIGBUS), si_code: 2 (BUS_ADRERR), si_addr: 0x0000000126a46000

Registers:
RAX=0x00007fc61bb0c800, RBX=0x0000000126a43f4a, RCX=0x00000000000040dc, RDX=0x0000000000006164
RSP=0x0000700001c67bc0, RBP=0x0000700001c67bc0, RSI=0x0000000126a46000, RDI=0x00007fc61bb0e888
R8 =0x00007fc61bd41200, R9 =0x0000000000000007, R10=0x00000000ec726431, R11=0x00007fc4f50c8888
R12=0x0000000000000000, R13=0x000000006f6e6124, R14=0x000000002f495041, R15=0x0000000000006174
RIP=0x00007fff95568f49, EFLAGS=0x0000000000010202, ERR=0x0000000000000004
  TRAPNO=0x000000000000000e

Top of Stack: (sp=0x0000700001c67bc0)
0x0000700001c67bc0:   0000700001c67c30 000000010927c14a
0x0000700001c67bd0:   0000007401c67c10 0000000000000061
0x0000700001c67be0:   000000000000572f 00007fc61bb0c800
0x0000700001c67bf0:   0000000000006164 00007fc611d65990
0x0000700001c67c00:   00007fc611fe3a20 00000000d9862ed6
0x0000700001c67c10:   0000000000001410 00007fc6121d0e00
0x0000700001c67c20:   00007fc611d65990 00007fc61d0dc2c0
0x0000700001c67c30:   0000700001c67c80 000000010927c644
0x0000700001c67c40:   0000000000000026 000000261a6d7800
0x0000700001c67c50:   0000700001c67c9e 0000700001c680e8
0x0000700001c67c60:   0000000000000026 0000700001c67c9e
0x0000700001c67c70:   00007fc611d65990 00007fc61a6d79e8
0x0000700001c67c80:   0000700001c680d0 000000010927b48f
0x0000700001c67c90:   00007fc61a6d7800 5041000100000001
0x0000700001c67ca0:   6162617461642f49 62617461442f6573
0x0000700001c67cb0:   656e6e6f43657361 632e246e6f697463
0x0000700001c67cc0:   000000007373616c 00007fc61a6d7800
0x0000700001c67cd0:   0000700001c67f70 000000010ab200da
0x0000700001c67ce0:   000000000000037f 0000000000000000
0x0000700001c67cf0:   0000000000000000 0000ffff00001fa0
0x0000700001c67d00:   0000000000000000 000000000000ffff
0x0000700001c67d10:   0000000000000100 000000000000ffff
0x0000700001c67d20:   0000000000000000 0000000000000000
0x0000700001c67d30:   0000000000000000 0000000000000000
0x0000700001c67d40:   0000000000000000 0000000000000000
0x0000700001c67d50:   0000000000000000 000000000000ffff
0x0000700001c67d60:   bb78000000000000 000000000000400b
0x0000700001c67d70:   fffffffe00000000 000000000000401d
0x0000700001c67d80:   002e00670072006f 006c006100630073
0x0000700001c67d90:   0000500003000200 0000510008000200
0x0000700001c67da0:   5300110000000000 0300010113000000
0x0000700001c67db0:   0008000200000050 000a000400000051 

Instructions: (pc=0x00007fff95568f49)
0x00007fff95568f29:   f3 48 89 f8 49 39 d3 72 1b 48 83 fa 60 76 2f 48
0x00007fff95568f39:   81 fa 00 40 00 00 0f 82 bb 00 00 00 48 89 d1 fc
0x00007fff95568f49:   f3 a4 5d c3 48 39 fe 74 f9 48 01 d6 48 01 d7 48
0x00007fff95568f59:   83 fa 60 0f 82 5c 01 00 00 e9 79 01 00 00 48 83 

Register to memory mapping:

RAX=0x00007fc61bb0c800 is an unknown value
RBX=0x0000000126a43f4a is an unknown value
RCX=0x00000000000040dc is an unknown value
RDX=0x0000000000006164 is an unknown value
RSP=0x0000700001c67bc0 is pointing into the stack for thread: 0x00007fc61a6d7800
RBP=0x0000700001c67bc0 is pointing into the stack for thread: 0x00007fc61a6d7800
RSI=0x0000000126a46000 is an unknown value
RDI=0x00007fc61bb0e888 is an unknown value
R8 =0x00007fc61bd41200 is an unknown value
R9 =0x0000000000000007 is an unknown value
R10=0x00000000ec726431 is an unknown value
R11=0x00007fc4f50c8888 is an unknown value
R12=0x0000000000000000 is an unknown value
R13=0x000000006f6e6124 is an unknown value
R14=0x000000002f495041 is an unknown value
R15=0x0000000000006174 is an unknown value


Stack: [0x0000700001b6b000,0x0000700001c6b000],  sp=0x0000700001c67bc0,  free space=1010k
Native frames: (J=compiled Java code, j=interpreted, Vv=VM code, C=native code)
C  [libsystem_platform.dylib+0x4f49]  _platform_memmove$VARIANT$Haswell+0x29
C  [libzip.dylib+0x314a]  newEntry+0x2c8
C  [libzip.dylib+0x3644]  ZIP_GetEntry+0xa2
C  [libzip.dylib+0x248f]  Java_java_util_zip_ZipFile_getEntry+0xdd
J 105  java.util.zip.ZipFile.getEntry(J[BZ)J (0 bytes) @ 0x000000010ac5878e [0x000000010ac586c0+0xce]
J 1706 C2 sun.misc.URLClassPath$JarLoader.getResource(Ljava/lang/String;Z)Lsun/misc/Resource; (85 bytes) @ 0x000000010aef1fc8 [0x000000010aef1b60+0x468]

Java frames: (J=compiled Java code, j=interpreted, Vv=VM code)
J 105  java.util.zip.ZipFile.getEntry(J[BZ)J (0 bytes) @ 0x000000010ac58718 [0x000000010ac586c0+0x58]
J 1706 C2 sun.misc.URLClassPath$JarLoader.getResource(Ljava/lang/String;Z)Lsun/misc/Resource; (85 bytes) @ 0x000000010aef1fc8 [0x000000010aef1b60+0x468]
J 1198 C2 sun.misc.URLClassPath.getResource(Ljava/lang/String;Z)Lsun/misc/Resource; (74 bytes) @ 0x000000010b0647f0 [0x000000010b064780+0x70]
J 267 C1 java.net.URLClassLoader$1.run()Ljava/lang/Class; (73 bytes) @ 0x000000010acb9e3c [0x000000010acb9c20+0x21c]
J 266 C1 java.net.URLClassLoader$1.run()Ljava/lang/Object; (5 bytes) @ 0x000000010acae44c [0x000000010acae3c0+0x8c]
v  ~StubRoutines::call_stub
J 265  java.security.AccessController.doPrivileged(Ljava/security/PrivilegedExceptionAction;Ljava/security/AccessControlContext;)Ljava/lang/Object; (0 bytes) @ 0x000000010acaff63 [0x000000010acaff00+0x63]
J 1476 C1 org.eclipse.jetty.webapp.WebAppClassLoader.findClass(Ljava/lang/String;)Ljava/lang/Class; (223 bytes) @ 0x000000010b16d804 [0x000000010b16d520+0x2e4]
J 1202 C1 org.eclipse.jetty.webapp.WebAppClassLoader.loadClass(Ljava/lang/String;Z)Ljava/lang/Class; (260 bytes) @ 0x000000010b065fec [0x000000010b064e40+0x11ac]
J 1201 C1 org.eclipse.jetty.webapp.WebAppClassLoader.loadClass(Ljava/lang/String;)Ljava/lang/Class; (7 bytes) @ 0x000000010b061d94 [0x000000010b061d00+0x94]
v  ~StubRoutines::call_stub
j  ScalatraBootstrap.destroy(Ljavax/servlet/ServletContext;)V+0
j  org.scalatra.servlet.ScalatraListener.contextDestroyed(Ljavax/servlet/ServletContextEvent;)V+30
j  org.eclipse.jetty.server.handler.ContextHandler.callContextDestroyed(Ljavax/servlet/ServletContextListener;Ljavax/servlet/ServletContextEvent;)V+24
j  org.eclipse.jetty.servlet.ServletContextHandler.callContextDestroyed(Ljavax/servlet/ServletContextListener;Ljavax/servlet/ServletContextEvent;)V+3
j  org.eclipse.jetty.server.handler.ContextHandler.doStop()V+120
j  org.eclipse.jetty.servlet.ServletContextHandler.doStop()V+1
j  org.eclipse.jetty.webapp.WebAppContext.doStop()V+1
j  org.eclipse.jetty.util.component.AbstractLifeCycle.stop()V+30
j  org.eclipse.jetty.util.component.ContainerLifeCycle.stop(Lorg/eclipse/jetty/util/component/LifeCycle;)V+1
j  org.eclipse.jetty.util.component.ContainerLifeCycle.doStop()V+93
j  org.eclipse.jetty.server.handler.AbstractHandler.doStop()V+19
j  org.eclipse.jetty.util.component.AbstractLifeCycle.stop()V+30
j  org.eclipse.jetty.util.component.ContainerLifeCycle.stop(Lorg/eclipse/jetty/util/component/LifeCycle;)V+1
j  org.eclipse.jetty.util.component.ContainerLifeCycle.doStop()V+93
j  org.eclipse.jetty.server.handler.AbstractHandler.doStop()V+19
j  org.eclipse.jetty.util.component.AbstractLifeCycle.stop()V+30
j  org.eclipse.jetty.util.component.ContainerLifeCycle.stop(Lorg/eclipse/jetty/util/component/LifeCycle;)V+1
j  org.eclipse.jetty.util.component.ContainerLifeCycle.doStop()V+93
j  org.eclipse.jetty.server.handler.AbstractHandler.doStop()V+19
j  org.eclipse.jetty.server.Server.doStop()V+366
j  org.eclipse.jetty.util.component.AbstractLifeCycle.stop()V+30
j  org.eclipse.jetty.util.thread.ShutdownThread.run()V+41
v  ~StubRoutines::call_stub

---------------  P R O C E S S  ---------------

Java Threads: ( => current thread )
=>0x00007fc61a6d7800 JavaThread "Thread-0" [_thread_in_native, id=24579, stack(0x0000700001b6b000,0x0000700001c6b000)]
  0x00007fc61cf9f800 JavaThread "SIGTERM handler" daemon [_thread_blocked, id=24071, stack(0x0000700001a68000,0x0000700001b68000)]
  0x00007fc61ca0f800 JavaThread "ForkJoinPool-1-worker-5" daemon [_thread_blocked, id=14347, stack(0x0000700001965000,0x0000700001a65000)]
  0x00007fc613053000 JavaThread "qtp2065951873-18" [_thread_blocked, id=23299, stack(0x000070000175f000,0x000070000185f000)]
  0x00007fc612129800 JavaThread "qtp2065951873-17" [_thread_blocked, id=22787, stack(0x000070000165c000,0x000070000175c000)]
  0x00007fc61302f800 JavaThread "qtp2065951873-16" [_thread_blocked, id=22275, stack(0x0000700001559000,0x0000700001659000)]
  0x00007fc612128800 JavaThread "qtp2065951873-15" [_thread_blocked, id=21763, stack(0x0000700001456000,0x0000700001556000)]
  0x00007fc612128000 JavaThread "qtp2065951873-14" [_thread_blocked, id=21251, stack(0x0000700001353000,0x0000700001453000)]
  0x00007fc612127000 JavaThread "qtp2065951873-13" [_thread_blocked, id=20739, stack(0x0000700001250000,0x0000700001350000)]
  0x00007fc612126800 JavaThread "qtp2065951873-12" [_thread_blocked, id=20227, stack(0x000070000114d000,0x000070000124d000)]
  0x00007fc612114800 JavaThread "qtp2065951873-11" [_thread_blocked, id=19715, stack(0x000070000104a000,0x000070000114a000)]
  0x00007fc613817000 JavaThread "Service Thread" daemon [_thread_blocked, id=18691, stack(0x0000700000e44000,0x0000700000f44000)]
  0x00007fc613022800 JavaThread "C1 CompilerThread2" daemon [_thread_blocked, id=18179, stack(0x0000700000d41000,0x0000700000e41000)]
  0x00007fc612830000 JavaThread "C2 CompilerThread1" daemon [_thread_blocked, id=17667, stack(0x0000700000c3e000,0x0000700000d3e000)]
  0x00007fc61282e000 JavaThread "C2 CompilerThread0" daemon [_thread_blocked, id=17155, stack(0x0000700000b3b000,0x0000700000c3b000)]
  0x00007fc61281f000 JavaThread "Signal Dispatcher" daemon [_thread_blocked, id=12819, stack(0x0000700000a38000,0x0000700000b38000)]
  0x00007fc612803800 JavaThread "Finalizer" daemon [_thread_blocked, id=12291, stack(0x000070000082f000,0x000070000092f000)]
  0x00007fc613816800 JavaThread "Reference Handler" daemon [_thread_blocked, id=11779, stack(0x000070000072c000,0x000070000082c000)]
  0x00007fc613800000 JavaThread "main" [_thread_blocked, id=5891, stack(0x000070000011a000,0x000070000021a000)]

Other Threads:
  0x00007fc613812000 VMThread [stack: 0x0000700000629000,0x0000700000729000] [id=11267]
  0x00007fc613819000 WatcherThread [stack: 0x0000700000f47000,0x0000700001047000] [id=19203]

VM state:not at safepoint (normal execution)

VM Mutex/Monitor currently owned by a thread: None

Heap:
 PSYoungGen      total 581120K, used 33657K [0x000000076ab00000, 0x00000007a6c00000, 0x00000007c0000000)
  eden space 463872K, 7% used [0x000000076ab00000,0x000000076cbde570,0x0000000787000000)
  from space 117248K, 0% used [0x0000000787000000,0x0000000787000000,0x000000078e280000)
  to   space 120832K, 0% used [0x000000079f600000,0x000000079f600000,0x00000007a6c00000)
 ParOldGen       total 252416K, used 136853K [0x00000006c0000000, 0x00000006cf680000, 0x000000076ab00000)
  object space 252416K, 54% used [0x00000006c0000000,0x00000006c85a54f8,0x00000006cf680000)
 Metaspace       used 21631K, capacity 21822K, committed 22272K, reserved 1069056K
  class space    used 2936K, capacity 2977K, committed 3072K, reserved 1048576K

Card table byte_map: [0x0000000119edb000,0x000000011a6dc000] byte_map_base: 0x00000001168db000

Marking Bits: (ParMarkBitMap*) 0x000000010a49c330
 Begin Bits: [0x000000011ac32000, 0x000000011ec32000)
 End Bits:   [0x000000011ec32000, 0x0000000122c32000)

Polling page: 0x000000010926f000

CodeCache: size=245760Kb used=5941Kb max_used=6612Kb free=239818Kb
 bounds [0x000000010ab1b000, 0x000000010b19b000, 0x0000000119b1b000]
 total_blobs=2030 nmethods=1662 adapters=282
 compilation: enabled

Compilation events (10 events):
Event: 182.228 Thread 0x00007fc613022800 1997       1       org.eclipse.jetty.util.thread.QueuedThreadPool::access$500 (5 bytes)
Event: 182.228 Thread 0x00007fc613022800 nmethod 1997 0x000000010ad0b290 code [0x000000010ad0b3e0, 0x000000010ad0b4d0]
Event: 182.228 Thread 0x00007fc613022800 1998       3       java.util.concurrent.CopyOnWriteArrayList$COWIterator::next (32 bytes)
Event: 182.228 Thread 0x00007fc613022800 nmethod 1998 0x000000010ac387d0 code [0x000000010ac38960, 0x000000010ac38d08]
Event: 182.229 Thread 0x00007fc613022800 1999       3       java.util.concurrent.CopyOnWriteArrayList::iterator (14 bytes)
Event: 182.229 Thread 0x00007fc613022800 nmethod 1999 0x000000010ac8cc50 code [0x000000010ac8cdc0, 0x000000010ac8d150]
Event: 182.230 Thread 0x00007fc613022800 2000       3       java.lang.reflect.Array::newInstance (6 bytes)
Event: 182.230 Thread 0x00007fc613022800 nmethod 2000 0x000000010ad4e050 code [0x000000010ad4e1c0, 0x000000010ad4e328]
Event: 182.231 Thread 0x00007fc613022800 2001       1       org.eclipse.jetty.util.component.ContainerLifeCycle$Bean::access$100 (5 bytes)
Event: 182.231 Thread 0x00007fc613022800 nmethod 2001 0x000000010ae1e050 code [0x000000010ae1e1a0, 0x000000010ae1e290]

GC Heap History (10 events):
Event: 2.326 GC heap before
{Heap before GC invocations=6 (full 0):
 PSYoungGen      total 141824K, used 141798K [0x000000076ab00000, 0x000000077f300000, 0x00000007c0000000)
  eden space 131072K, 100% used [0x000000076ab00000,0x0000000772b00000,0x0000000772b00000)
  from space 10752K, 99% used [0x0000000772b00000,0x00000007735799f8,0x0000000773580000)
  to   space 36864K, 0% used [0x000000077cf00000,0x000000077cf00000,0x000000077f300000)
 ParOldGen       total 175104K, used 35809K [0x00000006c0000000, 0x00000006cab00000, 0x000000076ab00000)
  object space 175104K, 20% used [0x00000006c0000000,0x00000006c22f85d8,0x00000006cab00000)
 Metaspace       used 8441K, capacity 8516K, committed 8704K, reserved 1056768K
  class space    used 911K, capacity 944K, committed 1024K, reserved 1048576K
Event: 2.410 GC heap after
Heap after GC invocations=6 (full 0):
 PSYoungGen      total 282624K, used 36855K [0x000000076ab00000, 0x0000000781300000, 0x00000007c0000000)
  eden space 245760K, 0% used [0x000000076ab00000,0x000000076ab00000,0x0000000779b00000)
  from space 36864K, 99% used [0x000000077cf00000,0x000000077f2fdc68,0x000000077f300000)
  to   space 53248K, 0% used [0x0000000779b00000,0x0000000779b00000,0x000000077cf00000)
 ParOldGen       total 175104K, used 47233K [0x00000006c0000000, 0x00000006cab00000, 0x000000076ab00000)
  object space 175104K, 26% used [0x00000006c0000000,0x00000006c2e205d8,0x00000006cab00000)
 Metaspace       used 8441K, capacity 8516K, committed 8704K, reserved 1056768K
  class space    used 911K, capacity 944K, committed 1024K, reserved 1048576K
}
Event: 3.481 GC heap before
{Heap before GC invocations=7 (full 0):
 PSYoungGen      total 282624K, used 282615K [0x000000076ab00000, 0x0000000781300000, 0x00000007c0000000)
  eden space 245760K, 100% used [0x000000076ab00000,0x0000000779b00000,0x0000000779b00000)
  from space 36864K, 99% used [0x000000077cf00000,0x000000077f2fdc68,0x000000077f300000)
  to   space 53248K, 0% used [0x0000000779b00000,0x0000000779b00000,0x000000077cf00000)
 ParOldGen       total 175104K, used 47233K [0x00000006c0000000, 0x00000006cab00000, 0x000000076ab00000)
  object space 175104K, 26% used [0x00000006c0000000,0x00000006c2e205d8,0x00000006cab00000)
 Metaspace       used 8452K, capacity 8516K, committed 8704K, reserved 1056768K
  class space    used 911K, capacity 944K, committed 1024K, reserved 1048576K
Event: 3.594 GC heap after
Heap after GC invocations=7 (full 0):
 PSYoungGen      total 299008K, used 53244K [0x000000076ab00000, 0x0000000793a00000, 0x00000007c0000000)
  eden space 245760K, 0% used [0x000000076ab00000,0x000000076ab00000,0x0000000779b00000)
  from space 53248K, 99% used [0x0000000779b00000,0x000000077ceff0f8,0x000000077cf00000)
  to   space 89600K, 0% used [0x000000078e280000,0x000000078e280000,0x0000000793a00000)
 ParOldGen       total 175104K, used 94809K [0x00000006c0000000, 0x00000006cab00000, 0x000000076ab00000)
  object space 175104K, 54% used [0x00000006c0000000,0x00000006c5c96630,0x00000006cab00000)
 Metaspace       used 8452K, capacity 8516K, committed 8704K, reserved 1056768K
  class space    used 911K, capacity 944K, committed 1024K, reserved 1048576K
}
Event: 10.260 GC heap before
{Heap before GC invocations=8 (full 0):
 PSYoungGen      total 299008K, used 299004K [0x000000076ab00000, 0x0000000793a00000, 0x00000007c0000000)
  eden space 245760K, 100% used [0x000000076ab00000,0x0000000779b00000,0x0000000779b00000)
  from space 53248K, 99% used [0x0000000779b00000,0x000000077ceff0f8,0x000000077cf00000)
  to   space 89600K, 0% used [0x000000078e280000,0x000000078e280000,0x0000000793a00000)
 ParOldGen       total 175104K, used 94809K [0x00000006c0000000, 0x00000006cab00000, 0x000000076ab00000)
  object space 175104K, 54% used [0x00000006c0000000,0x00000006c5c96630,0x00000006cab00000)
 Metaspace       used 10682K, capacity 10850K, committed 11136K, reserved 1058816K
  class space    used 1292K, capacity 1337K, committed 1408K, reserved 1048576K
Event: 10.351 GC heap after
Heap after GC invocations=8 (full 0):
 PSYoungGen      total 553472K, used 89588K [0x000000076ab00000, 0x0000000797000000, 0x00000007c0000000)
  eden space 463872K, 0% used [0x000000076ab00000,0x000000076ab00000,0x0000000787000000)
  from space 89600K, 99% used [0x000000078e280000,0x00000007939fd1e8,0x0000000793a00000)
  to   space 117248K, 0% used [0x0000000787000000,0x0000000787000000,0x000000078e280000)
 ParOldGen       total 175104K, used 115727K [0x00000006c0000000, 0x00000006cab00000, 0x000000076ab00000)
  object space 175104K, 66% used [0x00000006c0000000,0x00000006c7103e00,0x00000006cab00000)
 Metaspace       used 10682K, capacity 10850K, committed 11136K, reserved 1058816K
  class space    used 1292K, capacity 1337K, committed 1408K, reserved 1048576K
}
Event: 20.003 GC heap before
{Heap before GC invocations=9 (full 0):
 PSYoungGen      total 553472K, used 170920K [0x000000076ab00000, 0x0000000797000000, 0x00000007c0000000)
  eden space 463872K, 17% used [0x000000076ab00000,0x000000076fa6d160,0x0000000787000000)
  from space 89600K, 99% used [0x000000078e280000,0x00000007939fd1e8,0x0000000793a00000)
  to   space 117248K, 0% used [0x0000000787000000,0x0000000787000000,0x000000078e280000)
 ParOldGen       total 175104K, used 115727K [0x00000006c0000000, 0x00000006cab00000, 0x000000076ab00000)
  object space 175104K, 66% used [0x00000006c0000000,0x00000006c7103e00,0x00000006cab00000)
 Metaspace       used 20930K, capacity 21114K, committed 21296K, reserved 1067008K
  class space    used 2846K, capacity 2913K, committed 2944K, reserved 1048576K
Event: 20.052 GC heap after
Heap after GC invocations=9 (full 0):
 PSYoungGen      total 581120K, used 68955K [0x000000076ab00000, 0x00000007a6c00000, 0x00000007c0000000)
  eden space 463872K, 0% used [0x000000076ab00000,0x000000076ab00000,0x0000000787000000)
  from space 117248K, 58% used [0x0000000787000000,0x000000078b356d98,0x000000078e280000)
  to   space 120832K, 0% used [0x000000079f600000,0x000000079f600000,0x00000007a6c00000)
 ParOldGen       total 175104K, used 140029K [0x00000006c0000000, 0x00000006cab00000, 0x000000076ab00000)
  object space 175104K, 79% used [0x00000006c0000000,0x00000006c88bf458,0x00000006cab00000)
 Metaspace       used 20930K, capacity 21114K, committed 21296K, reserved 1067008K
  class space    used 2846K, capacity 2913K, committed 2944K, reserved 1048576K
}
Event: 20.052 GC heap before
{Heap before GC invocations=10 (full 1):
 PSYoungGen      total 581120K, used 68955K [0x000000076ab00000, 0x00000007a6c00000, 0x00000007c0000000)
  eden space 463872K, 0% used [0x000000076ab00000,0x000000076ab00000,0x0000000787000000)
  from space 117248K, 58% used [0x0000000787000000,0x000000078b356d98,0x000000078e280000)
  to   space 120832K, 0% used [0x000000079f600000,0x000000079f600000,0x00000007a6c00000)
 ParOldGen       total 175104K, used 140029K [0x00000006c0000000, 0x00000006cab00000, 0x000000076ab00000)
  object space 175104K, 79% used [0x00000006c0000000,0x00000006c88bf458,0x00000006cab00000)
 Metaspace       used 20930K, capacity 21114K, committed 21296K, reserved 1067008K
  class space    used 2846K, capacity 2913K, committed 2944K, reserved 1048576K
Event: 20.157 GC heap after
Heap after GC invocations=10 (full 1):
 PSYoungGen      total 581120K, used 0K [0x000000076ab00000, 0x00000007a6c00000, 0x00000007c0000000)
  eden space 463872K, 0% used [0x000000076ab00000,0x000000076ab00000,0x0000000787000000)
  from space 117248K, 0% used [0x0000000787000000,0x0000000787000000,0x000000078e280000)
  to   space 120832K, 0% used [0x000000079f600000,0x000000079f600000,0x00000007a6c00000)
 ParOldGen       total 252416K, used 136853K [0x00000006c0000000, 0x00000006cf680000, 0x000000076ab00000)
  object space 252416K, 54% used [0x00000006c0000000,0x00000006c85a54f8,0x00000006cf680000)
 Metaspace       used 20929K, capacity 21112K, committed 21296K, reserved 1067008K
  class space    used 2845K, capacity 2912K, committed 2944K, reserved 1048576K
}

Deoptimization events (10 events):
Event: 19.800 Thread 0x00007fc612129800 Uncommon trap: reason=unreached action=reinterpret pc=0x000000010ad6f40c method=sun.util.calendar.ZoneInfo.getOffsets(J[II)I @ 4
Event: 19.800 Thread 0x00007fc612129800 Uncommon trap: reason=bimorphic action=maybe_recompile pc=0x000000010afcd5f8 method=java.lang.ThreadLocal.get()Ljava/lang/Object; @ 6
Event: 19.800 Thread 0x00007fc612129800 Uncommon trap: reason=bimorphic action=maybe_recompile pc=0x000000010ac7b46c method=java.util.concurrent.ConcurrentHashMap.get(Ljava/lang/Object;)Ljava/lang/Object; @ 149
Event: 19.800 Thread 0x00007fc612129800 Uncommon trap: reason=bimorphic action=maybe_recompile pc=0x000000010ac7b46c method=java.util.concurrent.ConcurrentHashMap.get(Ljava/lang/Object;)Ljava/lang/Object; @ 149
Event: 19.806 Thread 0x00007fc612128000 Uncommon trap: reason=bimorphic action=maybe_recompile pc=0x000000010afcd5f8 method=java.lang.ThreadLocal.get()Ljava/lang/Object; @ 6
Event: 19.808 Thread 0x00007fc612128000 Uncommon trap: reason=bimorphic action=maybe_recompile pc=0x000000010afcd5f8 method=java.lang.ThreadLocal.get()Ljava/lang/Object; @ 6
Event: 19.951 Thread 0x00007fc612128000 Uncommon trap: reason=unreached action=reinterpret pc=0x000000010ac94fa8 method=java.lang.ThreadLocal$ThreadLocalMap.getEntry(Ljava/lang/ThreadLocal;)Ljava/lang/ThreadLocal$ThreadLocalMap$Entry; @ 29
Event: 19.951 Thread 0x00007fc612128000 Uncommon trap: reason=unreached action=reinterpret pc=0x000000010afc0f38 method=java.lang.ThreadLocal$ThreadLocalMap.getEntry(Ljava/lang/ThreadLocal;)Ljava/lang/ThreadLocal$ThreadLocalMap$Entry; @ 29
Event: 182.223 Thread 0x00007fc61281f000 Uncommon trap: reason=class_check action=maybe_recompile pc=0x000000010ac55ad8 method=java.util.Hashtable.get(Ljava/lang/Object;)Ljava/lang/Object; @ 45
Event: 182.223 Thread 0x00007fc61281f000 Uncommon trap: reason=class_check action=maybe_recompile pc=0x000000010ac55ad8 method=java.util.Hashtable.get(Ljava/lang/Object;)Ljava/lang/Object; @ 45

Internal exceptions (10 events):
Event: 182.224 Thread 0x00007fc61302f800 Exception <a 'java/io/IOException'> (0x000000076c5d12e8) thrown at [/HUDSON3/workspace/8-2-build-macosx-x86_64/jdk8u20/1074/hotspot/src/share/vm/prims/jni.cpp, line 716]
Event: 182.225 Thread 0x00007fc61a6d7800 Exception <a 'java/security/PrivilegedActionException'> (0x000000076c3cf4a0) thrown at [/HUDSON3/workspace/8-2-build-macosx-x86_64/jdk8u20/1074/hotspot/src/share/vm/prims/jvm.cpp, line 1275]
Event: 182.225 Thread 0x00007fc61a6d7800 Exception <a 'java/security/PrivilegedActionException'> (0x000000076c3d5ef0) thrown at [/HUDSON3/workspace/8-2-build-macosx-x86_64/jdk8u20/1074/hotspot/src/share/vm/prims/jvm.cpp, line 1275]
Event: 182.228 Thread 0x00007fc61a6d7800 Exception <a 'java/io/IOException'> (0x000000076c3db1a0) thrown at [/HUDSON3/workspace/8-2-build-macosx-x86_64/jdk8u20/1074/hotspot/src/share/vm/prims/jni.cpp, line 716]
Event: 182.228 Thread 0x00007fc61a6d7800 Exception <a 'java/io/IOException'> (0x000000076c3db3e0) thrown at [/HUDSON3/workspace/8-2-build-macosx-x86_64/jdk8u20/1074/hotspot/src/share/vm/prims/jni.cpp, line 716]
Event: 182.228 Thread 0x00007fc61a6d7800 Exception <a 'java/io/IOException'> (0x000000076c3db5f0) thrown at [/HUDSON3/workspace/8-2-build-macosx-x86_64/jdk8u20/1074/hotspot/src/share/vm/prims/jni.cpp, line 716]
Event: 182.228 Thread 0x00007fc61a6d7800 Exception <a 'java/security/PrivilegedActionException'> (0x000000076c3ddcb0) thrown at [/HUDSON3/workspace/8-2-build-macosx-x86_64/jdk8u20/1074/hotspot/src/share/vm/prims/jvm.cpp, line 1275]
Event: 182.228 Thread 0x00007fc61a6d7800 Exception <a 'java/security/PrivilegedActionException'> (0x000000076c3e3700) thrown at [/HUDSON3/workspace/8-2-build-macosx-x86_64/jdk8u20/1074/hotspot/src/share/vm/prims/jvm.cpp, line 1275]
Event: 182.229 Thread 0x00007fc61a6d7800 Exception <a 'java/security/PrivilegedActionException'> (0x000000076c3ea600) thrown at [/HUDSON3/workspace/8-2-build-macosx-x86_64/jdk8u20/1074/hotspot/src/share/vm/prims/jvm.cpp, line 1275]
Event: 182.229 Thread 0x00007fc61a6d7800 Exception <a 'java/security/PrivilegedActionException'> (0x000000076c3ee410) thrown at [/HUDSON3/workspace/8-2-build-macosx-x86_64/jdk8u20/1074/hotspot/src/share/vm/prims/jvm.cpp, line 1275]

Events (10 events):
Event: 182.230 Thread 0x00007fc613022800 flushing nmethod 0x000000010aeb0410
Event: 182.230 Thread 0x00007fc613022800 flushing nmethod 0x000000010aeb1b90
Event: 182.230 Thread 0x00007fc613022800 flushing nmethod 0x000000010aeb9890
Event: 182.230 Thread 0x00007fc613022800 flushing nmethod 0x000000010aebac90
Event: 182.231 Thread 0x00007fc613022800 flushing nmethod 0x000000010aedb450
Event: 182.231 Thread 0x00007fc613022800 flushing nmethod 0x000000010af2e090
Event: 182.231 Thread 0x00007fc613022800 flushing nmethod 0x000000010af2ebd0
Event: 182.231 Thread 0x00007fc613022800 flushing nmethod 0x000000010af31b10
Event: 182.231 Thread 0x00007fc613022800 flushing nmethod 0x000000010af361d0
Event: 182.231 Thread 0x00007fc613022800 flushing nmethod 0x000000010af36610


Dynamic libraries:
0x0000000009ddf000 	/System/Library/Frameworks/Cocoa.framework/Versions/A/Cocoa
0x0000000009ddf000 	/System/Library/Frameworks/Security.framework/Versions/A/Security
0x0000000009ddf000 	/System/Library/Frameworks/ApplicationServices.framework/Versions/A/ApplicationServices
0x0000000009ddf000 	/usr/lib/libz.1.dylib
0x0000000009ddf000 	/usr/lib/libSystem.B.dylib
0x0000000009ddf000 	/usr/lib/libobjc.A.dylib
0x0000000009ddf000 	/System/Library/Frameworks/CoreFoundation.framework/Versions/A/CoreFoundation
0x0000000009ddf000 	/System/Library/Frameworks/Foundation.framework/Versions/C/Foundation
0x0000000009ddf000 	/System/Library/Frameworks/AppKit.framework/Versions/C/AppKit
0x0000000009ddf000 	/System/Library/Frameworks/CoreData.framework/Versions/A/CoreData
0x0000000009ddf000 	/System/Library/PrivateFrameworks/RemoteViewServices.framework/Versions/A/RemoteViewServices
0x0000000009ddf000 	/System/Library/PrivateFrameworks/UIFoundation.framework/Versions/A/UIFoundation
0x0000000009ddf000 	/usr/lib/libScreenReader.dylib
0x0000000009ddf000 	/System/Library/Frameworks/Accelerate.framework/Versions/A/Accelerate
0x0000000009ddf000 	/System/Library/Frameworks/IOSurface.framework/Versions/A/IOSurface
0x0000000009ddf000 	/System/Library/Frameworks/AudioToolbox.framework/Versions/A/AudioToolbox
0x0000000009ddf000 	/System/Library/Frameworks/AudioUnit.framework/Versions/A/AudioUnit
0x0000000009ddf000 	/System/Library/PrivateFrameworks/DataDetectorsCore.framework/Versions/A/DataDetectorsCore
0x0000000009ddf000 	/System/Library/PrivateFrameworks/DesktopServicesPriv.framework/Versions/A/DesktopServicesPriv
0x0000000009ddf000 	/System/Library/Frameworks/Carbon.framework/Versions/A/Frameworks/HIToolbox.framework/Versions/A/HIToolbox
0x0000000009ddf000 	/System/Library/Frameworks/QuartzCore.framework/Versions/A/QuartzCore
0x0000000009ddf000 	/System/Library/Frameworks/Carbon.framework/Versions/A/Frameworks/SpeechRecognition.framework/Versions/A/SpeechRecognition
0x0000000009ddf000 	/usr/lib/libauto.dylib
0x0000000009ddf000 	/usr/lib/libicucore.A.dylib
0x0000000009ddf000 	/usr/lib/libxml2.2.dylib
0x0000000009ddf000 	/System/Library/PrivateFrameworks/CoreUI.framework/Versions/A/CoreUI
0x0000000009ddf000 	/System/Library/Frameworks/CoreAudio.framework/Versions/A/CoreAudio
0x0000000009ddf000 	/System/Library/Frameworks/DiskArbitration.framework/Versions/A/DiskArbitration
0x0000000009ddf000 	/usr/lib/liblangid.dylib
0x0000000009ddf000 	/System/Library/PrivateFrameworks/MultitouchSupport.framework/Versions/A/MultitouchSupport
0x0000000009ddf000 	/System/Library/Frameworks/IOKit.framework/Versions/A/IOKit
0x0000000009ddf000 	/usr/lib/libDiagnosticMessagesClient.dylib
0x0000000009ddf000 	/System/Library/Frameworks/CoreServices.framework/Versions/A/CoreServices
0x0000000009ddf000 	/System/Library/PrivateFrameworks/PerformanceAnalysis.framework/Versions/A/PerformanceAnalysis
0x0000000009ddf000 	/System/Library/PrivateFrameworks/GenerationalStorage.framework/Versions/A/GenerationalStorage
0x0000000009ddf000 	/System/Library/Frameworks/OpenGL.framework/Versions/A/OpenGL
0x0000000009ddf000 	/System/Library/PrivateFrameworks/Sharing.framework/Versions/A/Sharing
0x0000000009ddf000 	/System/Library/Frameworks/CoreGraphics.framework/Versions/A/CoreGraphics
0x0000000009ddf000 	/System/Library/Frameworks/CoreImage.framework/Versions/A/CoreImage
0x0000000009ddf000 	/System/Library/Frameworks/CoreText.framework/Versions/A/CoreText
0x0000000009ddf000 	/System/Library/Frameworks/ImageIO.framework/Versions/A/ImageIO
0x0000000009ddf000 	/System/Library/PrivateFrameworks/Backup.framework/Versions/A/Backup
0x0000000009ddf000 	/usr/lib/libextension.dylib
0x0000000009ddf000 	/usr/lib/libarchive.2.dylib
0x0000000009ddf000 	/System/Library/Frameworks/CFNetwork.framework/Versions/A/CFNetwork
0x0000000009ddf000 	/System/Library/Frameworks/SystemConfiguration.framework/Versions/A/SystemConfiguration
0x0000000009ddf000 	/usr/lib/libCRFSuite.dylib
0x0000000009ddf000 	/usr/lib/libc++.1.dylib
0x0000000009ddf000 	/usr/lib/libc++abi.dylib
0x0000000009ddf000 	/usr/lib/system/libcache.dylib
0x0000000009ddf000 	/usr/lib/system/libcommonCrypto.dylib
0x0000000009ddf000 	/usr/lib/system/libcompiler_rt.dylib
0x0000000009ddf000 	/usr/lib/system/libcopyfile.dylib
0x0000000009ddf000 	/usr/lib/system/libcorecrypto.dylib
0x0000000009ddf000 	/usr/lib/system/libdispatch.dylib
0x0000000009ddf000 	/usr/lib/system/libdyld.dylib
0x0000000009ddf000 	/usr/lib/system/libkeymgr.dylib
0x0000000009ddf000 	/usr/lib/system/liblaunch.dylib
0x0000000009ddf000 	/usr/lib/system/libmacho.dylib
0x0000000009ddf000 	/usr/lib/system/libquarantine.dylib
0x0000000009ddf000 	/usr/lib/system/libremovefile.dylib
0x0000000009ddf000 	/usr/lib/system/libsystem_asl.dylib
0x0000000009ddf000 	/usr/lib/system/libsystem_blocks.dylib
0x0000000009ddf000 	/usr/lib/system/libsystem_c.dylib
0x0000000009ddf000 	/usr/lib/system/libsystem_configuration.dylib
0x0000000009ddf000 	/usr/lib/system/libsystem_coreservices.dylib
0x0000000009ddf000 	/usr/lib/system/libsystem_coretls.dylib
0x0000000009ddf000 	/usr/lib/system/libsystem_dnssd.dylib
0x0000000009ddf000 	/usr/lib/system/libsystem_info.dylib
0x0000000009ddf000 	/usr/lib/system/libsystem_kernel.dylib
0x0000000009ddf000 	/usr/lib/system/libsystem_m.dylib
0x0000000009ddf000 	/usr/lib/system/libsystem_malloc.dylib
0x0000000009ddf000 	/usr/lib/system/libsystem_network.dylib
0x0000000009ddf000 	/usr/lib/system/libsystem_networkextension.dylib
0x0000000009ddf000 	/usr/lib/system/libsystem_notify.dylib
0x0000000009ddf000 	/usr/lib/system/libsystem_platform.dylib
0x0000000009ddf000 	/usr/lib/system/libsystem_pthread.dylib
0x0000000009ddf000 	/usr/lib/system/libsystem_sandbox.dylib
0x0000000009ddf000 	/usr/lib/system/libsystem_secinit.dylib
0x0000000009ddf000 	/usr/lib/system/libsystem_trace.dylib
0x0000000009ddf000 	/usr/lib/system/libunc.dylib
0x0000000009ddf000 	/usr/lib/system/libunwind.dylib
0x0000000009ddf000 	/usr/lib/system/libxpc.dylib
0x0000000009ddf000 	/usr/lib/libenergytrace.dylib
0x0000000009ddf000 	/usr/lib/libbsm.0.dylib
0x0000000009ddf000 	/usr/lib/system/libkxld.dylib
0x0000000009ddf000 	/usr/lib/libxar.1.dylib
0x0000000009ddf000 	/usr/lib/libsqlite3.dylib
0x0000000009ddf000 	/usr/lib/libpam.2.dylib
0x0000000009ddf000 	/usr/lib/libOpenScriptingUtil.dylib
0x0000000009ddf000 	/usr/lib/libbz2.1.0.dylib
0x0000000009ddf000 	/usr/lib/liblzma.5.dylib
0x0000000009ddf000 	/System/Library/Frameworks/CoreServices.framework/Versions/A/Frameworks/FSEvents.framework/Versions/A/FSEvents
0x0000000009ddf000 	/System/Library/Frameworks/CoreServices.framework/Versions/A/Frameworks/CarbonCore.framework/Versions/A/CarbonCore
0x0000000009ddf000 	/System/Library/Frameworks/CoreServices.framework/Versions/A/Frameworks/Metadata.framework/Versions/A/Metadata
0x0000000009ddf000 	/System/Library/Frameworks/CoreServices.framework/Versions/A/Frameworks/OSServices.framework/Versions/A/OSServices
0x0000000009ddf000 	/System/Library/Frameworks/CoreServices.framework/Versions/A/Frameworks/SearchKit.framework/Versions/A/SearchKit
0x0000000009ddf000 	/System/Library/Frameworks/CoreServices.framework/Versions/A/Frameworks/AE.framework/Versions/A/AE
0x0000000009ddf000 	/System/Library/Frameworks/CoreServices.framework/Versions/A/Frameworks/LaunchServices.framework/Versions/A/LaunchServices
0x0000000009ddf000 	/System/Library/Frameworks/CoreServices.framework/Versions/A/Frameworks/DictionaryServices.framework/Versions/A/DictionaryServices
0x0000000009ddf000 	/System/Library/Frameworks/CoreServices.framework/Versions/A/Frameworks/SharedFileList.framework/Versions/A/SharedFileList
0x0000000009ddf000 	/System/Library/Frameworks/NetFS.framework/Versions/A/NetFS
0x0000000009ddf000 	/System/Library/PrivateFrameworks/NetAuth.framework/Versions/A/NetAuth
0x0000000009ddf000 	/System/Library/PrivateFrameworks/login.framework/Versions/A/Frameworks/loginsupport.framework/Versions/A/loginsupport
0x0000000009ddf000 	/System/Library/PrivateFrameworks/TCC.framework/Versions/A/TCC
0x0000000009ddf000 	/usr/lib/libmecabra.dylib
0x0000000009ddf000 	/System/Library/Frameworks/ApplicationServices.framework/Versions/A/Frameworks/ATS.framework/Versions/A/ATS
0x0000000009ddf000 	/System/Library/Frameworks/ApplicationServices.framework/Versions/A/Frameworks/ColorSync.framework/Versions/A/ColorSync
0x0000000009ddf000 	/System/Library/Frameworks/ApplicationServices.framework/Versions/A/Frameworks/HIServices.framework/Versions/A/HIServices
0x0000000009ddf000 	/System/Library/Frameworks/ApplicationServices.framework/Versions/A/Frameworks/LangAnalysis.framework/Versions/A/LangAnalysis
0x0000000009ddf000 	/System/Library/Frameworks/ApplicationServices.framework/Versions/A/Frameworks/PrintCore.framework/Versions/A/PrintCore
0x0000000009ddf000 	/System/Library/Frameworks/ApplicationServices.framework/Versions/A/Frameworks/QD.framework/Versions/A/QD
0x0000000009ddf000 	/System/Library/Frameworks/ApplicationServices.framework/Versions/A/Frameworks/SpeechSynthesis.framework/Versions/A/SpeechSynthesis
0x0000000009ddf000 	/System/Library/Frameworks/Metal.framework/Versions/A/Metal
0x0000000009ddf000 	/System/Library/Frameworks/Accelerate.framework/Versions/A/Frameworks/vImage.framework/Versions/A/vImage
0x0000000009ddf000 	/System/Library/Frameworks/Accelerate.framework/Versions/A/Frameworks/vecLib.framework/Versions/A/vecLib
0x0000000009ddf000 	/System/Library/Frameworks/Accelerate.framework/Versions/A/Frameworks/vecLib.framework/Versions/A/libvDSP.dylib
0x0000000009ddf000 	/System/Library/Frameworks/Accelerate.framework/Versions/A/Frameworks/vecLib.framework/Versions/A/libvMisc.dylib
0x0000000009ddf000 	/System/Library/Frameworks/Accelerate.framework/Versions/A/Frameworks/vecLib.framework/Versions/A/libLAPACK.dylib
0x0000000009ddf000 	/System/Library/Frameworks/Accelerate.framework/Versions/A/Frameworks/vecLib.framework/Versions/A/libBLAS.dylib
0x0000000009ddf000 	/System/Library/Frameworks/Accelerate.framework/Versions/A/Frameworks/vecLib.framework/Versions/A/libLinearAlgebra.dylib
0x0000000009ddf000 	/System/Library/Frameworks/Accelerate.framework/Versions/A/Frameworks/vecLib.framework/Versions/A/libSparseBLAS.dylib
0x0000000009ddf000 	/System/Library/PrivateFrameworks/GPUCompiler.framework/libmetal_timestamp.dylib
0x0000000009ddf000 	/System/Library/Frameworks/OpenGL.framework/Versions/A/Libraries/libCoreFSCache.dylib
0x0000000009ddf000 	/System/Library/PrivateFrameworks/IOAccelerator.framework/Versions/A/IOAccelerator
0x0000000009ddf000 	/System/Library/Frameworks/ApplicationServices.framework/Versions/A/Frameworks/ATS.framework/Versions/A/Resources/libFontParser.dylib
0x0000000009ddf000 	/System/Library/Frameworks/ApplicationServices.framework/Versions/A/Frameworks/ATS.framework/Versions/A/Resources/libFontRegistry.dylib
0x0000000009ddf000 	/System/Library/PrivateFrameworks/AppleVPA.framework/Versions/A/AppleVPA
0x0000000009ddf000 	/System/Library/PrivateFrameworks/AppleJPEG.framework/Versions/A/AppleJPEG
0x0000000009ddf000 	/System/Library/Frameworks/ImageIO.framework/Versions/A/Resources/libJPEG.dylib
0x0000000009ddf000 	/System/Library/Frameworks/ImageIO.framework/Versions/A/Resources/libTIFF.dylib
0x0000000009ddf000 	/System/Library/Frameworks/ImageIO.framework/Versions/A/Resources/libPng.dylib
0x0000000009ddf000 	/System/Library/Frameworks/ImageIO.framework/Versions/A/Resources/libGIF.dylib
0x0000000009ddf000 	/System/Library/Frameworks/ImageIO.framework/Versions/A/Resources/libJP2.dylib
0x0000000009ddf000 	/System/Library/Frameworks/ImageIO.framework/Versions/A/Resources/libRadiance.dylib
0x0000000009ddf000 	/System/Library/Frameworks/CoreVideo.framework/Versions/A/CoreVideo
0x0000000009ddf000 	/System/Library/Frameworks/OpenGL.framework/Versions/A/Libraries/libGLU.dylib
0x0000000009ddf000 	/System/Library/Frameworks/OpenGL.framework/Versions/A/Libraries/libGFXShared.dylib
0x0000000009ddf000 	/System/Library/Frameworks/OpenGL.framework/Versions/A/Libraries/libGL.dylib
0x0000000009ddf000 	/System/Library/Frameworks/OpenGL.framework/Versions/A/Libraries/libGLImage.dylib
0x0000000009ddf000 	/System/Library/Frameworks/OpenGL.framework/Versions/A/Libraries/libCVMSPluginSupport.dylib
0x0000000009ddf000 	/System/Library/Frameworks/OpenGL.framework/Versions/A/Libraries/libCoreVMClient.dylib
0x0000000009ddf000 	/usr/lib/libcompression.dylib
0x0000000009ddf000 	/usr/lib/libcups.2.dylib
0x0000000009ddf000 	/System/Library/Frameworks/Kerberos.framework/Versions/A/Kerberos
0x0000000009ddf000 	/System/Library/Frameworks/GSS.framework/Versions/A/GSS
0x0000000009ddf000 	/usr/lib/libresolv.9.dylib
0x0000000009ddf000 	/usr/lib/libiconv.2.dylib
0x0000000009ddf000 	/System/Library/PrivateFrameworks/Heimdal.framework/Versions/A/Heimdal
0x0000000009ddf000 	/usr/lib/libheimdal-asn1.dylib
0x0000000009ddf000 	/System/Library/Frameworks/OpenDirectory.framework/Versions/A/OpenDirectory
0x0000000009ddf000 	/System/Library/PrivateFrameworks/CommonAuth.framework/Versions/A/CommonAuth
0x0000000009ddf000 	/System/Library/Frameworks/OpenDirectory.framework/Versions/A/Frameworks/CFOpenDirectory.framework/Versions/A/CFOpenDirectory
0x0000000009ddf000 	/System/Library/Frameworks/SecurityFoundation.framework/Versions/A/SecurityFoundation
0x0000000009ddf000 	/System/Library/PrivateFrameworks/LanguageModeling.framework/Versions/A/LanguageModeling
0x0000000009ddf000 	/usr/lib/libmarisa.dylib
0x0000000009ddf000 	/usr/lib/libChineseTokenizer.dylib
0x0000000009ddf000 	/usr/lib/libcmph.dylib
0x0000000009ddf000 	/System/Library/Frameworks/ServiceManagement.framework/Versions/A/ServiceManagement
0x0000000009ddf000 	/usr/lib/libxslt.1.dylib
0x0000000009ddf000 	/System/Library/Frameworks/Carbon.framework/Versions/A/Frameworks/Ink.framework/Versions/A/Ink
0x0000000009ddf000 	/usr/lib/libFosl_dynamic.dylib
0x0000000009ddf000 	/System/Library/PrivateFrameworks/FaceCore.framework/Versions/A/FaceCore
0x0000000009ddf000 	/System/Library/Frameworks/OpenCL.framework/Versions/A/OpenCL
0x0000000009ddf000 	/System/Library/PrivateFrameworks/CrashReporterSupport.framework/Versions/A/CrashReporterSupport
0x0000000009ddf000 	/System/Library/PrivateFrameworks/IconServices.framework/Versions/A/IconServices
0x0000000009ddf000 	/System/Library/PrivateFrameworks/Apple80211.framework/Versions/A/Apple80211
0x0000000009ddf000 	/System/Library/Frameworks/CoreWLAN.framework/Versions/A/CoreWLAN
0x0000000009ddf000 	/System/Library/Frameworks/IOBluetooth.framework/Versions/A/IOBluetooth
0x0000000009ddf000 	/System/Library/PrivateFrameworks/CoreWiFi.framework/Versions/A/CoreWiFi
0x0000000009ddf000 	/System/Library/Frameworks/CoreBluetooth.framework/Versions/A/CoreBluetooth
0x0000000009ddf000 	/System/Library/PrivateFrameworks/ChunkingLibrary.framework/Versions/A/ChunkingLibrary
0x0000000009ddf000 	/System/Library/PrivateFrameworks/DebugSymbols.framework/Versions/A/DebugSymbols
0x0000000009ddf000 	/System/Library/PrivateFrameworks/CoreSymbolication.framework/Versions/A/CoreSymbolication
0x0000000009ddf000 	/System/Library/PrivateFrameworks/Symbolication.framework/Versions/A/Symbolication
0x0000000009ddf000 	/System/Library/PrivateFrameworks/SpeechRecognitionCore.framework/Versions/A/SpeechRecognitionCore
0x0000000109c00000 	/Library/Java/JavaVirtualMachines/jdk1.8.0_20.jdk/Contents/Home/jre/lib/server/libjvm.dylib
0x0000000009ddf000 	/usr/lib/libstdc++.6.dylib
0x000000010922d000 	/Library/Java/JavaVirtualMachines/jdk1.8.0_20.jdk/Contents/Home/jre/lib/libverify.dylib
0x000000010923b000 	/Library/Java/JavaVirtualMachines/jdk1.8.0_20.jdk/Contents/Home/jre/lib/libjava.dylib
0x0000000109279000 	/Library/Java/JavaVirtualMachines/jdk1.8.0_20.jdk/Contents/Home/jre/lib/libzip.dylib
0x0000000124de4000 	/System/Library/Frameworks/JavaVM.framework/Frameworks/JavaRuntimeSupport.framework/JavaRuntimeSupport
0x0000000124dff000 	/System/Library/Frameworks/JavaVM.framework/Versions/A/Frameworks/JavaNativeFoundation.framework/Versions/A/JavaNativeFoundation
0x00000001093ec000 	/System/Library/Frameworks/JavaVM.framework/Versions/A/JavaVM
0x0000000009ddf000 	/System/Library/Frameworks/Carbon.framework/Versions/A/Carbon
0x0000000124e14000 	/System/Library/PrivateFrameworks/JavaLaunching.framework/Versions/A/JavaLaunching
0x0000000009ddf000 	/System/Library/Frameworks/Carbon.framework/Versions/A/Frameworks/CommonPanels.framework/Versions/A/CommonPanels
0x0000000009ddf000 	/System/Library/Frameworks/Carbon.framework/Versions/A/Frameworks/Help.framework/Versions/A/Help
0x0000000009ddf000 	/System/Library/Frameworks/Carbon.framework/Versions/A/Frameworks/ImageCapture.framework/Versions/A/ImageCapture
0x0000000009ddf000 	/System/Library/Frameworks/Carbon.framework/Versions/A/Frameworks/OpenScripting.framework/Versions/A/OpenScripting
0x0000000009ddf000 	/System/Library/Frameworks/Carbon.framework/Versions/A/Frameworks/Print.framework/Versions/A/Print
0x0000000009ddf000 	/System/Library/Frameworks/Carbon.framework/Versions/A/Frameworks/SecurityHI.framework/Versions/A/SecurityHI
0x00000001267ad000 	/Library/Java/JavaVirtualMachines/jdk1.8.0_20.jdk/Contents/Home/jre/lib/libmanagement.dylib
0x0000000126c92000 	/Library/Java/JavaVirtualMachines/jdk1.8.0_20.jdk/Contents/Home/jre/lib/libnet.dylib
0x00000001267e5000 	/Library/Java/JavaVirtualMachines/jdk1.8.0_20.jdk/Contents/Home/jre/lib/libnio.dylib

VM Arguments:
java_command: org.eclipse.jetty.runner.Runner /Users/rb/Documents/Code/uni/crisisResponse/target/webapp
java_class_path (initial): /Users/rb/.ivy2/cache/org.eclipse.jetty/jetty-runner/jars/jetty-runner-9.2.1.v20140609.jar
Launcher Type: SUN_STANDARD

Environment Variables:
CLASSPATH=.::/Library/Jars/scalatest_2.11-2.2.4.jar:/Library/Jars/hamcrest-core-1.3.jar:/Library/Jars/junit-4.12.jar
PATH=.:/Users/rb/bin:/usr/local/bin:/usr/bin:/bin:/usr/sbin:/sbin:/opt/X11/bin:/usr/local/MacGPG2/bin:/Library/TeX/texbin
SHELL=/bin/bash
DISPLAY=/private/tmp/com.apple.launchd.BYLPC2OzBa/org.macosforge.xquartz:0

Signal Handlers:
SIGSEGV: [libjvm.dylib+0x578fd7], sa_mask[0]=11111111011111110111111111111111, sa_flags=SA_ONSTACK|SA_RESTART|SA_SIGINFO
SIGBUS: [libjvm.dylib+0x578fd7], sa_mask[0]=11111111011111110111111111111111, sa_flags=SA_RESTART|SA_SIGINFO
SIGFPE: [libjvm.dylib+0x45ab0c], sa_mask[0]=11111111011111110111111111111111, sa_flags=SA_RESTART|SA_SIGINFO
SIGPIPE: [libjvm.dylib+0x45ab0c], sa_mask[0]=11111111011111110111111111111111, sa_flags=SA_RESTART|SA_SIGINFO
SIGXFSZ: [libjvm.dylib+0x45ab0c], sa_mask[0]=11111111011111110111111111111111, sa_flags=SA_RESTART|SA_SIGINFO
SIGILL: [libjvm.dylib+0x45ab0c], sa_mask[0]=11111111011111110111111111111111, sa_flags=SA_RESTART|SA_SIGINFO
SIGUSR1: SIG_DFL, sa_mask[0]=00000000000000000000000000000000, sa_flags=none
SIGUSR2: [libjvm.dylib+0x45a62a], sa_mask[0]=00100000000000000000000000000000, sa_flags=SA_RESTART|SA_SIGINFO
SIGHUP: [libjvm.dylib+0x458bfd], sa_mask[0]=11111111011111110111111111111111, sa_flags=SA_RESTART|SA_SIGINFO
SIGINT: [libjvm.dylib+0x458bfd], sa_mask[0]=11111111011111110111111111111111, sa_flags=SA_RESTART|SA_SIGINFO
SIGTERM: [libjvm.dylib+0x458bfd], sa_mask[0]=11111111011111110111111111111111, sa_flags=SA_RESTART|SA_SIGINFO
SIGQUIT: [libjvm.dylib+0x458bfd], sa_mask[0]=11111111011111110111111111111111, sa_flags=SA_RESTART|SA_SIGINFO


---------------  S Y S T E M  ---------------

OS:Bsduname:Darwin 15.5.0 Darwin Kernel Version 15.5.0: Mon Apr  4 19:07:49 PDT 2016; root:xnu-3248.50.20~6/RELEASE_X86_64 x86_64
rlimit: STACK 8192k, CORE 0k, NPROC 709, NOFILE 10240, AS infinity
load average:3.15 3.79 4.26

CPU:total 4 (2 cores per cpu, 2 threads per core) family 6 model 69 stepping 1, cmov, cx8, fxsr, mmx, sse, sse2, sse3, ssse3, sse4.1, sse4.2, popcnt, avx, avx2, aes, clmul, erms, lzcnt, ht, tsc, tscinvbit, bmi1, bmi2

Memory: 4k page, physical 16777216k(1003064k free)

/proc/meminfo:


vm_info: Java HotSpot(TM) 64-Bit Server VM (25.20-b23) for bsd-amd64 JRE (1.8.0_20-b26), built on Jul 30 2014 13:37:47 by "java_re" with gcc 4.2.1 (Based on Apple Inc. build 5658) (LLVM build 2336.9.00)

time: Thu May  5 23:30:49 2016
elapsed time: 182 seconds (0d 0h 3m 2s)

